[ASR-GATE] require_flash=true，启动前执行 ASR selfcheck...
[ASR-SELFCHECK] PASS flash_request_id=51c483ed-6b38-4b0f-9d4b-eb0d68eb988b flash_logid=202602231117566D23E16F87AC0702A2F2 error_code=none
{"status":"PASS","error_code":null,"flash_request_id":"51c483ed-6b38-4b0f-9d4b-eb0d68eb988b","flash_logid":"202602231117566D23E16F87AC0702A2F2","appid_last4":"8764","resource_id":"volc.bigasr.auc_turbo","occurred_at":"2026-02-23T03:17:56.207Z","environment":"unknown","http_status":200,"api_status":"20000003","api_code":null,"message":"[Normal silence audio] no valid speech in audio","operation_hint":null}
[ASR-HEALTH] {"check":"asr_flash_selfcheck","status":"PASS","flash_request_id":"51c483ed-6b38-4b0f-9d4b-eb0d68eb988b","flash_logid":"202602231117566D23E16F87AC0702A2F2","resource_id":"volc.bigasr.auc_turbo","occurred_at":"2026-02-23T03:17:56.207Z","environment":"unknown"}
[ASR-STARTUP-HEALTH] {"check":"startup_asr_flash_gate","status":"PASS","occurred_at":"2026-02-23T03:17:56.704Z","require_flash":true,"gate_enabled":true,"selfcheck_exit_code":0}
[ASR-GATE] selfcheck 通过，继续启动。
   ▲ Next.js 16.0.7 (Turbopack)
   - Local:         http://127.0.0.1:3730
   - Network:       http://127.0.0.1:3730
   - Environments: .env.local

 ✓ Starting...
[baseline-browser-mapping] The data in this module is over two months old.  To ensure accurate Baseline data, please update: `npm i baseline-browser-mapping@latest -D`
 ✓ Ready in 909ms
[voice-coach.build] {"trace_id":"1cd3ee44-409d-4034-bd76-ddde7a6b41fa","client_build":"bench-1771816688831","server_build":"dev","method":"POST","route":"_api_voice-coach_sessions","executor":"unknown","ts":"2026-02-23T03:18:10.220Z"}
 POST /api/voice-coach/sessions 200 in 2.9s (compile: 353ms, render: 2.5s)
[voice-coach.build] {"trace_id":"ef3b67dc-2660-42ed-b75a-833635df7535","client_build":"bench-1771816688831","server_build":"dev","method":"POST","route":"_api_voice-coach_sessions_140fce88-d0da-46f3-bb7c-b13a11a9ecc3_beautician-turn_submit","executor":"unknown","ts":"2026-02-23T03:18:14.841Z"}
 POST /api/voice-coach/sessions/140fce88-d0da-46f3-bb7c-b13a11a9ecc3/beautician-turn/submit 200 in 11.0s (compile: 645ms, render: 10.4s)
[voice-coach.build] {"trace_id":"08ab5c30-76ac-4b56-9845-69f303ab6bdb","client_build":"bench-1771816688831","server_build":"dev","method":"GET","route":"_api_voice-coach_sessions_140fce88-d0da-46f3-bb7c-b13a11a9ecc3_events","executor":"unknown","ts":"2026-02-23T03:18:25.819Z"}
 GET /api/voice-coach/sessions/140fce88-d0da-46f3-bb7c-b13a11a9ecc3/events?cursor=7120&timeout_ms=1200 200 in 2.5s (compile: 595ms, render: 1914ms)
[voice-coach.build] {"trace_id":"8cf3301b-a3c7-4ec0-9d7d-a62c8155997b","client_build":"bench-1771816688831","server_build":"dev","method":"GET","route":"_api_voice-coach_sessions_140fce88-d0da-46f3-bb7c-b13a11a9ecc3_events","executor":"unknown","ts":"2026-02-23T03:18:27.747Z"}
 GET /api/voice-coach/sessions/140fce88-d0da-46f3-bb7c-b13a11a9ecc3/events?cursor=7120&timeout_ms=1200 200 in 1852ms (compile: 8ms, render: 1844ms)
[voice-coach.build] {"trace_id":"db8ce55f-a862-490b-aa38-633f8d46be69","client_build":"bench-1771816688831","server_build":"dev","method":"GET","route":"_api_voice-coach_sessions_140fce88-d0da-46f3-bb7c-b13a11a9ecc3_events","executor":"unknown","ts":"2026-02-23T03:18:29.601Z"}
 GET /api/voice-coach/sessions/140fce88-d0da-46f3-bb7c-b13a11a9ecc3/events?cursor=7120&timeout_ms=1200 200 in 906ms (compile: 7ms, render: 900ms)
[voice-coach.build] {"trace_id":"f0da2d5e-bbf0-4da5-aec0-d57f5d1a66d3","client_build":"bench-1771816688831","server_build":"dev","method":"GET","route":"_api_voice-coach_sessions_140fce88-d0da-46f3-bb7c-b13a11a9ecc3_events","executor":"unknown","ts":"2026-02-23T03:18:30.510Z"}
 GET /api/voice-coach/sessions/140fce88-d0da-46f3-bb7c-b13a11a9ecc3/events?cursor=7121&timeout_ms=1200 200 in 925ms (compile: 5ms, render: 920ms)
[voice-coach.build] {"trace_id":"4db797a5-1fee-4a9b-ba10-10e20d46ef8b","client_build":"bench-1771816688831","server_build":"dev","method":"GET","route":"_api_voice-coach_sessions_140fce88-d0da-46f3-bb7c-b13a11a9ecc3_events","executor":"unknown","ts":"2026-02-23T03:18:31.442Z"}
 GET /api/voice-coach/sessions/140fce88-d0da-46f3-bb7c-b13a11a9ecc3/events?cursor=7122&timeout_ms=1200 200 in 905ms (compile: 5ms, render: 899ms)
[voice-coach.build] {"trace_id":"d9fb470e-319a-46f1-bca5-72c2f1e2c934","client_build":"bench-1771816688831","server_build":"dev","method":"POST","route":"_api_voice-coach_sessions_140fce88-d0da-46f3-bb7c-b13a11a9ecc3_beautician-turn_submit","executor":"unknown","ts":"2026-02-23T03:18:33.788Z"}
 POST /api/voice-coach/sessions/140fce88-d0da-46f3-bb7c-b13a11a9ecc3/beautician-turn/submit 200 in 5.2s (compile: 8ms, render: 5.2s)
[voice-coach.build] {"trace_id":"a4c63614-1017-405e-947f-08edf36807bd","client_build":"bench-1771816688831","server_build":"dev","method":"GET","route":"_api_voice-coach_sessions_140fce88-d0da-46f3-bb7c-b13a11a9ecc3_events","executor":"unknown","ts":"2026-02-23T03:18:39.045Z"}
 GET /api/voice-coach/sessions/140fce88-d0da-46f3-bb7c-b13a11a9ecc3/events?cursor=7124&timeout_ms=1200 200 in 1870ms (compile: 10ms, render: 1861ms)
[voice-coach.build] {"trace_id":"ff8e5e6b-05eb-44d2-b476-27c1486aa08f","client_build":"bench-1771816688831","server_build":"dev","method":"GET","route":"_api_voice-coach_sessions_140fce88-d0da-46f3-bb7c-b13a11a9ecc3_events","executor":"unknown","ts":"2026-02-23T03:18:40.915Z"}
 GET /api/voice-coach/sessions/140fce88-d0da-46f3-bb7c-b13a11a9ecc3/events?cursor=7124&timeout_ms=1200 200 in 1940ms (compile: 7ms, render: 1933ms)
[voice-coach.build] {"trace_id":"3ba301ed-9450-43e2-ac25-52700a1e487f","client_build":"bench-1771816688831","server_build":"dev","method":"GET","route":"_api_voice-coach_sessions_140fce88-d0da-46f3-bb7c-b13a11a9ecc3_events","executor":"unknown","ts":"2026-02-23T03:18:42.858Z"}
 GET /api/voice-coach/sessions/140fce88-d0da-46f3-bb7c-b13a11a9ecc3/events?cursor=7124&timeout_ms=1200 200 in 898ms (compile: 5ms, render: 893ms)
[voice-coach.build] {"trace_id":"231bc4ae-c1c5-4006-8094-75517c3def4f","client_build":"bench-1771816688831","server_build":"dev","method":"GET","route":"_api_voice-coach_sessions_140fce88-d0da-46f3-bb7c-b13a11a9ecc3_events","executor":"unknown","ts":"2026-02-23T03:18:43.760Z"}
 GET /api/voice-coach/sessions/140fce88-d0da-46f3-bb7c-b13a11a9ecc3/events?cursor=7125&timeout_ms=1200 200 in 896ms (compile: 6ms, render: 890ms)
[voice-coach.build] {"trace_id":"4784392c-a44f-4929-9abd-cc53b47eeacd","client_build":"bench-1771816688831","server_build":"dev","method":"GET","route":"_api_voice-coach_sessions_140fce88-d0da-46f3-bb7c-b13a11a9ecc3_events","executor":"unknown","ts":"2026-02-23T03:18:44.662Z"}
 GET /api/voice-coach/sessions/140fce88-d0da-46f3-bb7c-b13a11a9ecc3/events?cursor=7126&timeout_ms=1200 200 in 1012ms (compile: 9ms, render: 1004ms)
[voice-coach.build] {"trace_id":"8a56067d-884e-401f-b72a-4c6dfbe706d2","client_build":"bench-1771816688831","server_build":"dev","method":"POST","route":"_api_voice-coach_sessions_140fce88-d0da-46f3-bb7c-b13a11a9ecc3_beautician-turn_submit","executor":"unknown","ts":"2026-02-23T03:18:47.103Z"}
 POST /api/voice-coach/sessions/140fce88-d0da-46f3-bb7c-b13a11a9ecc3/beautician-turn/submit 200 in 6.4s (compile: 6ms, render: 6.3s)
[voice-coach.build] {"trace_id":"337c5c01-9fbd-4a48-92e5-887f09f8d4a6","client_build":"bench-1771816688831","server_build":"dev","method":"GET","route":"_api_voice-coach_sessions_140fce88-d0da-46f3-bb7c-b13a11a9ecc3_events","executor":"unknown","ts":"2026-02-23T03:18:53.458Z"}
 GET /api/voice-coach/sessions/140fce88-d0da-46f3-bb7c-b13a11a9ecc3/events?cursor=7128&timeout_ms=1200 200 in 1872ms (compile: 6ms, render: 1866ms)
[voice-coach.build] {"trace_id":"3e81984d-8dfb-4628-bdae-6178c3631f3c","client_build":"bench-1771816688831","server_build":"dev","method":"GET","route":"_api_voice-coach_sessions_140fce88-d0da-46f3-bb7c-b13a11a9ecc3_events","executor":"unknown","ts":"2026-02-23T03:18:55.335Z"}
 GET /api/voice-coach/sessions/140fce88-d0da-46f3-bb7c-b13a11a9ecc3/events?cursor=7129&timeout_ms=1200 200 in 927ms (compile: 7ms, render: 920ms)
[voice-coach.build] {"trace_id":"4a713eb3-9f25-4e14-9d2e-2dff10309f3e","client_build":"bench-1771816688831","server_build":"dev","method":"GET","route":"_api_voice-coach_sessions_140fce88-d0da-46f3-bb7c-b13a11a9ecc3_events","executor":"unknown","ts":"2026-02-23T03:18:56.264Z"}
 GET /api/voice-coach/sessions/140fce88-d0da-46f3-bb7c-b13a11a9ecc3/events?cursor=7130&timeout_ms=1200 200 in 895ms (compile: 5ms, render: 890ms)
[voice-coach.build] {"trace_id":"d34e94f1-4f04-4c06-9791-e7489fb24d69","client_build":"bench-1771816737212","server_build":"dev","method":"POST","route":"_api_voice-coach_sessions","executor":"unknown","ts":"2026-02-23T03:18:59.200Z"}
 POST /api/voice-coach/sessions 200 in 1961ms (compile: 4ms, render: 1957ms)
[voice-coach.build] {"trace_id":"c4c8a58f-fa95-4a51-b2b6-7d2400c6eb95","client_build":"bench-1771816737212","server_build":"dev","method":"POST","route":"_api_voice-coach_sessions_a1a4a7d6-b08f-4f4e-87c4-41f4d9ff57ec_beautician-turn_submit","executor":"unknown","ts":"2026-02-23T03:19:02.608Z"}
 POST /api/voice-coach/sessions/a1a4a7d6-b08f-4f4e-87c4-41f4d9ff57ec/beautician-turn/submit 200 in 6.3s (compile: 6ms, render: 6.2s)
[voice-coach.build] {"trace_id":"4a8108f6-6ddb-4357-b4c4-2c996caebdde","client_build":"bench-1771816737212","server_build":"dev","method":"GET","route":"_api_voice-coach_sessions_a1a4a7d6-b08f-4f4e-87c4-41f4d9ff57ec_events","executor":"unknown","ts":"2026-02-23T03:19:08.865Z"}
 GET /api/voice-coach/sessions/a1a4a7d6-b08f-4f4e-87c4-41f4d9ff57ec/events?cursor=7132&timeout_ms=1200 200 in 1892ms (compile: 6ms, render: 1887ms)
[voice-coach.build] {"trace_id":"7e542077-1ac1-4241-bcf9-764639208b93","client_build":"bench-1771816737212","server_build":"dev","method":"GET","route":"_api_voice-coach_sessions_a1a4a7d6-b08f-4f4e-87c4-41f4d9ff57ec_events","executor":"unknown","ts":"2026-02-23T03:19:10.763Z"}
 GET /api/voice-coach/sessions/a1a4a7d6-b08f-4f4e-87c4-41f4d9ff57ec/events?cursor=7132&timeout_ms=1200 200 in 920ms (compile: 5ms, render: 915ms)
[voice-coach.build] {"trace_id":"58dd7ecc-3b9a-46e7-804e-002f5b84b1fb","client_build":"bench-1771816737212","server_build":"dev","method":"GET","route":"_api_voice-coach_sessions_a1a4a7d6-b08f-4f4e-87c4-41f4d9ff57ec_events","executor":"unknown","ts":"2026-02-23T03:19:11.688Z"}
 GET /api/voice-coach/sessions/a1a4a7d6-b08f-4f4e-87c4-41f4d9ff57ec/events?cursor=7133&timeout_ms=1200 200 in 1411ms (compile: 5ms, render: 1406ms)
[voice-coach.build] {"trace_id":"48c17cee-1ade-4bd8-9b5f-61f41d25584d","client_build":"bench-1771816737212","server_build":"dev","method":"GET","route":"_api_voice-coach_sessions_a1a4a7d6-b08f-4f4e-87c4-41f4d9ff57ec_events","executor":"unknown","ts":"2026-02-23T03:19:13.105Z"}
 GET /api/voice-coach/sessions/a1a4a7d6-b08f-4f4e-87c4-41f4d9ff57ec/events?cursor=7134&timeout_ms=1200 200 in 905ms (compile: 5ms, render: 900ms)
[voice-coach.build] {"trace_id":"5dfcba86-7806-4cd5-91b2-23feffca7cd7","client_build":"bench-1771816737212","server_build":"dev","method":"POST","route":"_api_voice-coach_sessions_a1a4a7d6-b08f-4f4e-87c4-41f4d9ff57ec_beautician-turn_submit","executor":"unknown","ts":"2026-02-23T03:19:15.523Z"}
 POST /api/voice-coach/sessions/a1a4a7d6-b08f-4f4e-87c4-41f4d9ff57ec/beautician-turn/submit 500 in 4.0s (compile: 6ms, render: 4.0s)
[voice-coach.build] {"trace_id":"8fdd2674-7f81-472c-9d7c-ba037f75aa92","client_build":"bench-1771816737212","server_build":"dev","method":"POST","route":"_api_voice-coach_sessions_a1a4a7d6-b08f-4f4e-87c4-41f4d9ff57ec_beautician-turn_submit","executor":"unknown","ts":"2026-02-23T03:19:20.824Z"}
 POST /api/voice-coach/sessions/a1a4a7d6-b08f-4f4e-87c4-41f4d9ff57ec/beautician-turn/submit 200 in 5.2s (compile: 6ms, render: 5.2s)
[voice-coach.build] {"trace_id":"51a6d7ab-79da-444c-8765-10df1984fdbe","client_build":"bench-1771816737212","server_build":"dev","method":"GET","route":"_api_voice-coach_sessions_a1a4a7d6-b08f-4f4e-87c4-41f4d9ff57ec_events","executor":"unknown","ts":"2026-02-23T03:19:26.010Z"}
 GET /api/voice-coach/sessions/a1a4a7d6-b08f-4f4e-87c4-41f4d9ff57ec/events?cursor=7136&timeout_ms=1200 200 in 1878ms (compile: 8ms, render: 1870ms)
[voice-coach.build] {"trace_id":"a0917eb7-9e75-4636-be9e-c9a89b1b6205","client_build":"bench-1771816737212","server_build":"dev","method":"GET","route":"_api_voice-coach_sessions_a1a4a7d6-b08f-4f4e-87c4-41f4d9ff57ec_events","executor":"unknown","ts":"2026-02-23T03:19:27.890Z"}
 GET /api/voice-coach/sessions/a1a4a7d6-b08f-4f4e-87c4-41f4d9ff57ec/events?cursor=7136&timeout_ms=1200 200 in 1422ms (compile: 6ms, render: 1417ms)
[voice-coach.build] {"trace_id":"efda51a3-6241-4ce9-b95a-b5b72d610190","client_build":"bench-1771816737212","server_build":"dev","method":"GET","route":"_api_voice-coach_sessions_a1a4a7d6-b08f-4f4e-87c4-41f4d9ff57ec_events","executor":"unknown","ts":"2026-02-23T03:19:29.318Z"}
 GET /api/voice-coach/sessions/a1a4a7d6-b08f-4f4e-87c4-41f4d9ff57ec/events?cursor=7137&timeout_ms=1200 200 in 1429ms (compile: 6ms, render: 1423ms)
[voice-coach.build] {"trace_id":"a3001a8d-6cd0-4e00-be84-341a633d21be","client_build":"bench-1771816770797","server_build":"dev","method":"POST","route":"_api_voice-coach_sessions","executor":"unknown","ts":"2026-02-23T03:19:31.776Z"}
 POST /api/voice-coach/sessions 200 in 2.2s (compile: 3ms, render: 2.2s)
[voice-coach.build] {"trace_id":"c3881147-eb45-4513-9b58-60f51bd9190e","client_build":"bench-1771816770797","server_build":"dev","method":"POST","route":"_api_voice-coach_sessions_28aa3edf-6392-4a57-a9fc-c750d6d429f7_beautician-turn_submit","executor":"unknown","ts":"2026-02-23T03:19:35.581Z"}
 POST /api/voice-coach/sessions/28aa3edf-6392-4a57-a9fc-c750d6d429f7/beautician-turn/submit 200 in 6.2s (compile: 6ms, render: 6.2s)
[voice-coach.build] {"trace_id":"77134e2e-eede-4b4e-aa2e-0e4560ed1d0a","client_build":"bench-1771816770797","server_build":"dev","method":"GET","route":"_api_voice-coach_sessions_28aa3edf-6392-4a57-a9fc-c750d6d429f7_events","executor":"unknown","ts":"2026-02-23T03:19:41.763Z"}
 GET /api/voice-coach/sessions/28aa3edf-6392-4a57-a9fc-c750d6d429f7/events?cursor=7140&timeout_ms=1200 200 in 1895ms (compile: 6ms, render: 1889ms)
[voice-coach.build] {"trace_id":"3f3dcc9c-1dfc-4d5f-a3fc-c5bb1fd4a54f","client_build":"bench-1771816770797","server_build":"dev","method":"GET","route":"_api_voice-coach_sessions_28aa3edf-6392-4a57-a9fc-c750d6d429f7_events","executor":"unknown","ts":"2026-02-23T03:19:43.663Z"}
 GET /api/voice-coach/sessions/28aa3edf-6392-4a57-a9fc-c750d6d429f7/events?cursor=7140&timeout_ms=1200 200 in 940ms (compile: 6ms, render: 934ms)
[voice-coach.build] {"trace_id":"04ea326d-aad6-4d52-87df-75359cff05a3","client_build":"bench-1771816770797","server_build":"dev","method":"GET","route":"_api_voice-coach_sessions_28aa3edf-6392-4a57-a9fc-c750d6d429f7_events","executor":"unknown","ts":"2026-02-23T03:19:44.611Z"}
 GET /api/voice-coach/sessions/28aa3edf-6392-4a57-a9fc-c750d6d429f7/events?cursor=7141&timeout_ms=1200 200 in 1429ms (compile: 8ms, render: 1421ms)
[voice-coach.build] {"trace_id":"9cc5a16d-2152-4b2d-925e-2fcf2b66ad0e","client_build":"bench-1771816770797","server_build":"dev","method":"GET","route":"_api_voice-coach_sessions_28aa3edf-6392-4a57-a9fc-c750d6d429f7_events","executor":"unknown","ts":"2026-02-23T03:19:46.044Z"}
 GET /api/voice-coach/sessions/28aa3edf-6392-4a57-a9fc-c750d6d429f7/events?cursor=7142&timeout_ms=1200 200 in 919ms (compile: 6ms, render: 914ms)
[voice-coach.build] {"trace_id":"c2f24793-4ba5-4d8d-b1d2-8438bf85e841","client_build":"bench-1771816770797","server_build":"dev","method":"POST","route":"_api_voice-coach_sessions_28aa3edf-6392-4a57-a9fc-c750d6d429f7_beautician-turn_submit","executor":"unknown","ts":"2026-02-23T03:19:48.457Z"}
 POST /api/voice-coach/sessions/28aa3edf-6392-4a57-a9fc-c750d6d429f7/beautician-turn/submit 200 in 5.5s (compile: 4ms, render: 5.5s)
[voice-coach.build] {"trace_id":"31cff913-b220-40d9-b068-f45b51197e46","client_build":"bench-1771816770797","server_build":"dev","method":"GET","route":"_api_voice-coach_sessions_28aa3edf-6392-4a57-a9fc-c750d6d429f7_events","executor":"unknown","ts":"2026-02-23T03:19:54.014Z"}
 GET /api/voice-coach/sessions/28aa3edf-6392-4a57-a9fc-c750d6d429f7/events?cursor=7144&timeout_ms=1200 200 in 1906ms (compile: 5ms, render: 1901ms)
[voice-coach.build] {"trace_id":"c646f3b1-ae39-4c00-aacf-d2f4931c0f97","client_build":"bench-1771816770797","server_build":"dev","method":"GET","route":"_api_voice-coach_sessions_28aa3edf-6392-4a57-a9fc-c750d6d429f7_events","executor":"unknown","ts":"2026-02-23T03:19:55.926Z"}
 GET /api/voice-coach/sessions/28aa3edf-6392-4a57-a9fc-c750d6d429f7/events?cursor=7144&timeout_ms=1200 200 in 1412ms (compile: 5ms, render: 1407ms)
[voice-coach.build] {"trace_id":"e0d085ea-6d3c-47cf-bba6-4a52e1104195","client_build":"bench-1771816770797","server_build":"dev","method":"GET","route":"_api_voice-coach_sessions_28aa3edf-6392-4a57-a9fc-c750d6d429f7_events","executor":"unknown","ts":"2026-02-23T03:19:57.345Z"}
 GET /api/voice-coach/sessions/28aa3edf-6392-4a57-a9fc-c750d6d429f7/events?cursor=7145&timeout_ms=1200 200 in 1466ms (compile: 6ms, render: 1459ms)
[voice-coach.build] {"trace_id":"1ee3c699-8a88-49ce-83ba-4d4705f4f747","client_build":"bench-1771816770797","server_build":"dev","method":"GET","route":"_api_voice-coach_sessions_28aa3edf-6392-4a57-a9fc-c750d6d429f7_events","executor":"unknown","ts":"2026-02-23T03:19:58.814Z"}
 GET /api/voice-coach/sessions/28aa3edf-6392-4a57-a9fc-c750d6d429f7/events?cursor=7146&timeout_ms=1200 200 in 1029ms (compile: 6ms, render: 1023ms)
[voice-coach.build] {"trace_id":"27bab136-c517-4c06-b777-5bae0ad2d60c","client_build":"bench-1771816770797","server_build":"dev","method":"POST","route":"_api_voice-coach_sessions_28aa3edf-6392-4a57-a9fc-c750d6d429f7_beautician-turn_submit","executor":"unknown","ts":"2026-02-23T03:20:01.184Z"}
 POST /api/voice-coach/sessions/28aa3edf-6392-4a57-a9fc-c750d6d429f7/beautician-turn/submit 200 in 5.1s (compile: 6ms, render: 5.1s)
[voice-coach.build] {"trace_id":"b4524a46-00d4-492b-88c1-3eac47f6ebb2","client_build":"bench-1771816770797","server_build":"dev","method":"GET","route":"_api_voice-coach_sessions_28aa3edf-6392-4a57-a9fc-c750d6d429f7_events","executor":"unknown","ts":"2026-02-23T03:20:06.250Z"}
 GET /api/voice-coach/sessions/28aa3edf-6392-4a57-a9fc-c750d6d429f7/events?cursor=7148&timeout_ms=1200 200 in 1926ms (compile: 5ms, render: 1921ms)
[voice-coach.build] {"trace_id":"3805649f-e9f8-488e-ba11-85340f90f092","client_build":"bench-1771816770797","server_build":"dev","method":"GET","route":"_api_voice-coach_sessions_28aa3edf-6392-4a57-a9fc-c750d6d429f7_events","executor":"unknown","ts":"2026-02-23T03:20:08.180Z"}
 GET /api/voice-coach/sessions/28aa3edf-6392-4a57-a9fc-c750d6d429f7/events?cursor=7148&timeout_ms=1200 200 in 904ms (compile: 5ms, render: 898ms)
[voice-coach.build] {"trace_id":"72fd4d07-b7f9-412b-9c3b-05e92fb92368","client_build":"bench-1771816770797","server_build":"dev","method":"GET","route":"_api_voice-coach_sessions_28aa3edf-6392-4a57-a9fc-c750d6d429f7_events","executor":"unknown","ts":"2026-02-23T03:20:09.087Z"}
 GET /api/voice-coach/sessions/28aa3edf-6392-4a57-a9fc-c750d6d429f7/events?cursor=7149&timeout_ms=1200 200 in 1498ms (compile: 5ms, render: 1492ms)
[voice-coach.build] {"trace_id":"0955d73f-34d8-4597-97ad-93be2b2afca3","client_build":"bench-1771816770797","server_build":"dev","method":"GET","route":"_api_voice-coach_sessions_28aa3edf-6392-4a57-a9fc-c750d6d429f7_events","executor":"unknown","ts":"2026-02-23T03:20:10.590Z"}
 GET /api/voice-coach/sessions/28aa3edf-6392-4a57-a9fc-c750d6d429f7/events?cursor=7150&timeout_ms=1200 200 in 914ms (compile: 5ms, render: 909ms)
[voice-coach.build] {"trace_id":"d3d0987b-a74b-4a1f-a284-93deb9877bb0","client_build":"bench-1771816811558","server_build":"dev","method":"POST","route":"_api_voice-coach_sessions","executor":"unknown","ts":"2026-02-23T03:20:12.508Z"}
 POST /api/voice-coach/sessions 200 in 1601ms (compile: 3ms, render: 1598ms)
[voice-coach.build] {"trace_id":"43d6405a-b03f-4806-9a25-0a0c9f43909d","client_build":"bench-1771816811558","server_build":"dev","method":"POST","route":"_api_voice-coach_sessions_dd74a193-bd6b-4299-902f-2aa85445911c_beautician-turn_submit","executor":"unknown","ts":"2026-02-23T03:20:15.597Z"}
 POST /api/voice-coach/sessions/dd74a193-bd6b-4299-902f-2aa85445911c/beautician-turn/submit 200 in 5.5s (compile: 6ms, render: 5.5s)
[voice-coach.build] {"trace_id":"1746ed86-3c02-4646-96e6-b2afabda2cb8","client_build":"bench-1771816811558","server_build":"dev","method":"GET","route":"_api_voice-coach_sessions_dd74a193-bd6b-4299-902f-2aa85445911c_events","executor":"unknown","ts":"2026-02-23T03:20:21.086Z"}
 GET /api/voice-coach/sessions/dd74a193-bd6b-4299-902f-2aa85445911c/events?cursor=7152&timeout_ms=1200 200 in 1886ms (compile: 5ms, render: 1881ms)
[voice-coach.build] {"trace_id":"6cf79534-3da1-4279-aca0-25ce7c3323df","client_build":"bench-1771816811558","server_build":"dev","method":"GET","route":"_api_voice-coach_sessions_dd74a193-bd6b-4299-902f-2aa85445911c_events","executor":"unknown","ts":"2026-02-23T03:20:22.978Z"}
 GET /api/voice-coach/sessions/dd74a193-bd6b-4299-902f-2aa85445911c/events?cursor=7152&timeout_ms=1200 200 in 918ms (compile: 6ms, render: 912ms)
[voice-coach.build] {"trace_id":"ef7f7dee-8814-4b04-bcae-3d8af9e38523","client_build":"bench-1771816811558","server_build":"dev","method":"GET","route":"_api_voice-coach_sessions_dd74a193-bd6b-4299-902f-2aa85445911c_events","executor":"unknown","ts":"2026-02-23T03:20:23.901Z"}
 GET /api/voice-coach/sessions/dd74a193-bd6b-4299-902f-2aa85445911c/events?cursor=7153&timeout_ms=1200 200 in 1397ms (compile: 5ms, render: 1392ms)
[voice-coach.build] {"trace_id":"660ec2fd-7b62-46c1-ad9c-cc122ea6b38a","client_build":"bench-1771816811558","server_build":"dev","method":"GET","route":"_api_voice-coach_sessions_dd74a193-bd6b-4299-902f-2aa85445911c_events","executor":"unknown","ts":"2026-02-23T03:20:25.307Z"}
 GET /api/voice-coach/sessions/dd74a193-bd6b-4299-902f-2aa85445911c/events?cursor=7154&timeout_ms=1200 200 in 922ms (compile: 8ms, render: 914ms)
[voice-coach.build] {"trace_id":"b23f55e3-8af2-4724-b148-c1d3e81deb67","client_build":"bench-1771816811558","server_build":"dev","method":"POST","route":"_api_voice-coach_sessions_dd74a193-bd6b-4299-902f-2aa85445911c_beautician-turn_submit","executor":"unknown","ts":"2026-02-23T03:20:27.841Z"}
 POST /api/voice-coach/sessions/dd74a193-bd6b-4299-902f-2aa85445911c/beautician-turn/submit 200 in 5.3s (compile: 6ms, render: 5.3s)
[voice-coach.build] {"trace_id":"b6445a42-018a-4c0e-aa21-5a366a8849b9","client_build":"bench-1771816811558","server_build":"dev","method":"GET","route":"_api_voice-coach_sessions_dd74a193-bd6b-4299-902f-2aa85445911c_events","executor":"unknown","ts":"2026-02-23T03:20:33.126Z"}
 GET /api/voice-coach/sessions/dd74a193-bd6b-4299-902f-2aa85445911c/events?cursor=7156&timeout_ms=1200 200 in 2.0s (compile: 5ms, render: 2.0s)
[voice-coach.build] {"trace_id":"7e448274-a9c8-48c4-ae49-e1f02ecec9cc","client_build":"bench-1771816811558","server_build":"dev","method":"GET","route":"_api_voice-coach_sessions_dd74a193-bd6b-4299-902f-2aa85445911c_events","executor":"unknown","ts":"2026-02-23T03:20:35.156Z"}
 GET /api/voice-coach/sessions/dd74a193-bd6b-4299-902f-2aa85445911c/events?cursor=7156&timeout_ms=1200 200 in 1397ms (compile: 5ms, render: 1392ms)
[voice-coach.build] {"trace_id":"b3ad0ccf-3255-496b-99dd-7c854140f81c","client_build":"bench-1771816811558","server_build":"dev","method":"GET","route":"_api_voice-coach_sessions_dd74a193-bd6b-4299-902f-2aa85445911c_events","executor":"unknown","ts":"2026-02-23T03:20:36.558Z"}
 GET /api/voice-coach/sessions/dd74a193-bd6b-4299-902f-2aa85445911c/events?cursor=7157&timeout_ms=1200 200 in 920ms (compile: 5ms, render: 915ms)
[voice-coach.build] {"trace_id":"a6e89959-1950-4db1-9a82-5a9f5248c862","client_build":"bench-1771816811558","server_build":"dev","method":"GET","route":"_api_voice-coach_sessions_dd74a193-bd6b-4299-902f-2aa85445911c_events","executor":"unknown","ts":"2026-02-23T03:20:37.483Z"}
 GET /api/voice-coach/sessions/dd74a193-bd6b-4299-902f-2aa85445911c/events?cursor=7158&timeout_ms=1200 200 in 940ms (compile: 6ms, render: 934ms)
[voice-coach.build] {"trace_id":"a7b8693c-ff4e-42f6-af00-e407ef9d0941","client_build":"bench-1771816811558","server_build":"dev","method":"POST","route":"_api_voice-coach_sessions_dd74a193-bd6b-4299-902f-2aa85445911c_beautician-turn_submit","executor":"unknown","ts":"2026-02-23T03:20:39.834Z"}
 POST /api/voice-coach/sessions/dd74a193-bd6b-4299-902f-2aa85445911c/beautician-turn/submit 200 in 6.9s (compile: 6ms, render: 6.9s)
[voice-coach.build] {"trace_id":"322abbcc-5f18-4061-9579-3cfb9ace4ef9","client_build":"bench-1771816811558","server_build":"dev","method":"GET","route":"_api_voice-coach_sessions_dd74a193-bd6b-4299-902f-2aa85445911c_events","executor":"unknown","ts":"2026-02-23T03:20:46.737Z"}
 GET /api/voice-coach/sessions/dd74a193-bd6b-4299-902f-2aa85445911c/events?cursor=7160&timeout_ms=1200 200 in 1438ms (compile: 6ms, render: 1433ms)
[voice-coach.build] {"trace_id":"55b99150-af32-4a6a-ac28-344edbcf27d9","client_build":"bench-1771816811558","server_build":"dev","method":"GET","route":"_api_voice-coach_sessions_dd74a193-bd6b-4299-902f-2aa85445911c_events","executor":"unknown","ts":"2026-02-23T03:20:48.178Z"}
 GET /api/voice-coach/sessions/dd74a193-bd6b-4299-902f-2aa85445911c/events?cursor=7161&timeout_ms=1200 200 in 1413ms (compile: 5ms, render: 1408ms)
[voice-coach.build] {"trace_id":"f6b24bbf-32dc-410d-af70-1a0be1c9809b","client_build":"bench-1771816811558","server_build":"dev","method":"GET","route":"_api_voice-coach_sessions_dd74a193-bd6b-4299-902f-2aa85445911c_events","executor":"unknown","ts":"2026-02-23T03:20:49.598Z"}
 GET /api/voice-coach/sessions/dd74a193-bd6b-4299-902f-2aa85445911c/events?cursor=7162&timeout_ms=1200 200 in 923ms (compile: 5ms, render: 917ms)
[voice-coach.build] {"trace_id":"bc4e3abf-1a9b-4727-a4ca-ece10fe3c2ad","client_build":"bench-1771816850572","server_build":"dev","method":"POST","route":"_api_voice-coach_sessions","executor":"unknown","ts":"2026-02-23T03:20:51.502Z"}
 POST /api/voice-coach/sessions 200 in 1553ms (compile: 4ms, render: 1549ms)
[voice-coach.build] {"trace_id":"45327f5d-5cea-4657-ad07-1abfdc4ebf3a","client_build":"bench-1771816850572","server_build":"dev","method":"POST","route":"_api_voice-coach_sessions_12e36011-f67d-4a5b-b3b3-a20d436a74f3_beautician-turn_submit","executor":"unknown","ts":"2026-02-23T03:20:54.550Z"}
 POST /api/voice-coach/sessions/12e36011-f67d-4a5b-b3b3-a20d436a74f3/beautician-turn/submit 200 in 5.2s (compile: 7ms, render: 5.2s)
[voice-coach.build] {"trace_id":"cdbe15af-48c5-4da0-9a01-1b52f0678e55","client_build":"bench-1771816850572","server_build":"dev","method":"GET","route":"_api_voice-coach_sessions_12e36011-f67d-4a5b-b3b3-a20d436a74f3_events","executor":"unknown","ts":"2026-02-23T03:20:59.795Z"}
 GET /api/voice-coach/sessions/12e36011-f67d-4a5b-b3b3-a20d436a74f3/events?cursor=7164&timeout_ms=1200 200 in 1893ms (compile: 5ms, render: 1888ms)
[voice-coach.build] {"trace_id":"ee3d4078-961a-4e2c-8e7e-eeb62def9f7e","client_build":"bench-1771816850572","server_build":"dev","method":"GET","route":"_api_voice-coach_sessions_12e36011-f67d-4a5b-b3b3-a20d436a74f3_events","executor":"unknown","ts":"2026-02-23T03:21:01.695Z"}
 GET /api/voice-coach/sessions/12e36011-f67d-4a5b-b3b3-a20d436a74f3/events?cursor=7164&timeout_ms=1200 200 in 937ms (compile: 6ms, render: 931ms)
[voice-coach.build] {"trace_id":"f9be675f-cd19-44bd-ae2b-7e2c1b3c4527","client_build":"bench-1771816850572","server_build":"dev","method":"GET","route":"_api_voice-coach_sessions_12e36011-f67d-4a5b-b3b3-a20d436a74f3_events","executor":"unknown","ts":"2026-02-23T03:21:02.636Z"}
 GET /api/voice-coach/sessions/12e36011-f67d-4a5b-b3b3-a20d436a74f3/events?cursor=7165&timeout_ms=1200 200 in 917ms (compile: 5ms, render: 912ms)
[voice-coach.build] {"trace_id":"483fa15b-523a-4a1a-a22b-2ef17dc53b51","client_build":"bench-1771816850572","server_build":"dev","method":"GET","route":"_api_voice-coach_sessions_12e36011-f67d-4a5b-b3b3-a20d436a74f3_events","executor":"unknown","ts":"2026-02-23T03:21:03.559Z"}
 GET /api/voice-coach/sessions/12e36011-f67d-4a5b-b3b3-a20d436a74f3/events?cursor=7166&timeout_ms=1200 200 in 909ms (compile: 5ms, render: 904ms)
[voice-coach.build] {"trace_id":"d4431de6-527e-48b4-89c9-d99327067dda","client_build":"bench-1771816850572","server_build":"dev","method":"POST","route":"_api_voice-coach_sessions_12e36011-f67d-4a5b-b3b3-a20d436a74f3_beautician-turn_submit","executor":"unknown","ts":"2026-02-23T03:21:06.003Z"}
 POST /api/voice-coach/sessions/12e36011-f67d-4a5b-b3b3-a20d436a74f3/beautician-turn/submit 200 in 7.1s (compile: 5ms, render: 7.0s)
[voice-coach.build] {"trace_id":"5519cab8-c947-4164-906d-5c3b74abd05c","client_build":"bench-1771816850572","server_build":"dev","method":"GET","route":"_api_voice-coach_sessions_12e36011-f67d-4a5b-b3b3-a20d436a74f3_events","executor":"unknown","ts":"2026-02-23T03:21:13.069Z"}
 GET /api/voice-coach/sessions/12e36011-f67d-4a5b-b3b3-a20d436a74f3/events?cursor=7168&timeout_ms=1200 200 in 1413ms (compile: 9ms, render: 1404ms)
[voice-coach.build] {"trace_id":"f4ec3bd7-0ce8-4573-b26e-5e0a84403b1c","client_build":"bench-1771816850572","server_build":"dev","method":"GET","route":"_api_voice-coach_sessions_12e36011-f67d-4a5b-b3b3-a20d436a74f3_events","executor":"unknown","ts":"2026-02-23T03:21:14.484Z"}
 GET /api/voice-coach/sessions/12e36011-f67d-4a5b-b3b3-a20d436a74f3/events?cursor=7169&timeout_ms=1200 200 in 1020ms (compile: 6ms, render: 1014ms)
[voice-coach.build] {"trace_id":"719daa38-ab35-465f-bef5-65eff83e9a7a","client_build":"bench-1771816850572","server_build":"dev","method":"GET","route":"_api_voice-coach_sessions_12e36011-f67d-4a5b-b3b3-a20d436a74f3_events","executor":"unknown","ts":"2026-02-23T03:21:15.510Z"}
 GET /api/voice-coach/sessions/12e36011-f67d-4a5b-b3b3-a20d436a74f3/events?cursor=7170&timeout_ms=1200 200 in 913ms (compile: 7ms, render: 906ms)
[voice-coach.build] {"trace_id":"c7c2250c-0bd3-4cb6-8d12-d58399781501","client_build":"bench-1771816850572","server_build":"dev","method":"POST","route":"_api_voice-coach_sessions_12e36011-f67d-4a5b-b3b3-a20d436a74f3_beautician-turn_submit","executor":"unknown","ts":"2026-02-23T03:21:17.767Z"}
 POST /api/voice-coach/sessions/12e36011-f67d-4a5b-b3b3-a20d436a74f3/beautician-turn/submit 200 in 5.9s (compile: 6ms, render: 5.8s)
[voice-coach.build] {"trace_id":"3274d36f-fe80-4ada-88a6-45a60077e1bc","client_build":"bench-1771816850572","server_build":"dev","method":"GET","route":"_api_voice-coach_sessions_12e36011-f67d-4a5b-b3b3-a20d436a74f3_events","executor":"unknown","ts":"2026-02-23T03:21:23.623Z"}
 GET /api/voice-coach/sessions/12e36011-f67d-4a5b-b3b3-a20d436a74f3/events?cursor=7172&timeout_ms=1200 200 in 1872ms (compile: 6ms, render: 1866ms)
[voice-coach.build] {"trace_id":"6e2f68c9-689f-4619-a846-bf9b8a87ee77","client_build":"bench-1771816850572","server_build":"dev","method":"GET","route":"_api_voice-coach_sessions_12e36011-f67d-4a5b-b3b3-a20d436a74f3_events","executor":"unknown","ts":"2026-02-23T03:21:25.500Z"}
 GET /api/voice-coach/sessions/12e36011-f67d-4a5b-b3b3-a20d436a74f3/events?cursor=7173&timeout_ms=1200 200 in 1481ms (compile: 6ms, render: 1474ms)
[voice-coach.build] {"trace_id":"ec6e33bc-5180-427f-b6e8-2d33ec98fa72","client_build":"bench-1771816850572","server_build":"dev","method":"GET","route":"_api_voice-coach_sessions_12e36011-f67d-4a5b-b3b3-a20d436a74f3_events","executor":"unknown","ts":"2026-02-23T03:21:26.985Z"}
 GET /api/voice-coach/sessions/12e36011-f67d-4a5b-b3b3-a20d436a74f3/events?cursor=7174&timeout_ms=1200 200 in 934ms (compile: 5ms, render: 929ms)
[voice-coach.build] {"trace_id":"917ed756-5eed-411a-aa09-b763a932f064","client_build":"bench-1771816888032","server_build":"dev","method":"POST","route":"_api_voice-coach_sessions","executor":"unknown","ts":"2026-02-23T03:21:29.006Z"}
 POST /api/voice-coach/sessions 200 in 2.0s (compile: 6ms, render: 1999ms)
[voice-coach.build] {"trace_id":"fe4bb572-83d6-45c9-9f7a-769e19adeefe","client_build":"bench-1771816888032","server_build":"dev","method":"POST","route":"_api_voice-coach_sessions_a95cd6f5-f2e9-4a3f-bf01-c6a57a539a95_beautician-turn_submit","executor":"unknown","ts":"2026-02-23T03:21:32.455Z"}
 POST /api/voice-coach/sessions/a95cd6f5-f2e9-4a3f-bf01-c6a57a539a95/beautician-turn/submit 200 in 4.9s (compile: 8ms, render: 4.9s)
[voice-coach.build] {"trace_id":"33e3f317-8828-45f4-9e03-3421a6e2ed9c","client_build":"bench-1771816888032","server_build":"dev","method":"GET","route":"_api_voice-coach_sessions_a95cd6f5-f2e9-4a3f-bf01-c6a57a539a95_events","executor":"unknown","ts":"2026-02-23T03:21:37.334Z"}
 GET /api/voice-coach/sessions/a95cd6f5-f2e9-4a3f-bf01-c6a57a539a95/events?cursor=7176&timeout_ms=1200 200 in 1861ms (compile: 5ms, render: 1856ms)
[voice-coach.build] {"trace_id":"fbf73418-c2c7-4d09-9f0c-ce3b5be5d96c","client_build":"bench-1771816888032","server_build":"dev","method":"GET","route":"_api_voice-coach_sessions_a95cd6f5-f2e9-4a3f-bf01-c6a57a539a95_events","executor":"unknown","ts":"2026-02-23T03:21:39.195Z"}
 GET /api/voice-coach/sessions/a95cd6f5-f2e9-4a3f-bf01-c6a57a539a95/events?cursor=7176&timeout_ms=1200 200 in 935ms (compile: 4ms, render: 931ms)
[voice-coach.build] {"trace_id":"dab164c3-3ce9-44b1-929d-b5565a18fbe4","client_build":"bench-1771816888032","server_build":"dev","method":"GET","route":"_api_voice-coach_sessions_a95cd6f5-f2e9-4a3f-bf01-c6a57a539a95_events","executor":"unknown","ts":"2026-02-23T03:21:40.146Z"}
 GET /api/voice-coach/sessions/a95cd6f5-f2e9-4a3f-bf01-c6a57a539a95/events?cursor=7177&timeout_ms=1200 200 in 1971ms (compile: 10ms, render: 1961ms)
[voice-coach.build] {"trace_id":"f430c029-822b-430e-8aef-247165139ab5","client_build":"bench-1771816888032","server_build":"dev","method":"GET","route":"_api_voice-coach_sessions_a95cd6f5-f2e9-4a3f-bf01-c6a57a539a95_events","executor":"unknown","ts":"2026-02-23T03:21:42.119Z"}
 GET /api/voice-coach/sessions/a95cd6f5-f2e9-4a3f-bf01-c6a57a539a95/events?cursor=7178&timeout_ms=1200 200 in 909ms (compile: 6ms, render: 903ms)
[voice-coach.build] {"trace_id":"23568b8f-4e48-4126-87aa-a2601f18da3d","client_build":"bench-1771816888032","server_build":"dev","method":"POST","route":"_api_voice-coach_sessions_a95cd6f5-f2e9-4a3f-bf01-c6a57a539a95_beautician-turn_submit","executor":"unknown","ts":"2026-02-23T03:21:44.554Z"}
 POST /api/voice-coach/sessions/a95cd6f5-f2e9-4a3f-bf01-c6a57a539a95/beautician-turn/submit 200 in 5.6s (compile: 7ms, render: 5.6s)
[voice-coach.build] {"trace_id":"08f1cd3d-3fab-4c97-bc55-3a8ba73ab109","client_build":"bench-1771816888032","server_build":"dev","method":"GET","route":"_api_voice-coach_sessions_a95cd6f5-f2e9-4a3f-bf01-c6a57a539a95_events","executor":"unknown","ts":"2026-02-23T03:21:50.196Z"}
 GET /api/voice-coach/sessions/a95cd6f5-f2e9-4a3f-bf01-c6a57a539a95/events?cursor=7180&timeout_ms=1200 200 in 1973ms (compile: 6ms, render: 1968ms)
[voice-coach.build] {"trace_id":"9adf0b23-b092-4e9c-a573-a0538c75e646","client_build":"bench-1771816888032","server_build":"dev","method":"GET","route":"_api_voice-coach_sessions_a95cd6f5-f2e9-4a3f-bf01-c6a57a539a95_events","executor":"unknown","ts":"2026-02-23T03:21:52.175Z"}
 GET /api/voice-coach/sessions/a95cd6f5-f2e9-4a3f-bf01-c6a57a539a95/events?cursor=7180&timeout_ms=1200 200 in 928ms (compile: 6ms, render: 923ms)
[voice-coach.build] {"trace_id":"3fb10e90-972f-48bc-808f-fe7247a730ce","client_build":"bench-1771816888032","server_build":"dev","method":"GET","route":"_api_voice-coach_sessions_a95cd6f5-f2e9-4a3f-bf01-c6a57a539a95_events","executor":"unknown","ts":"2026-02-23T03:21:53.108Z"}
 GET /api/voice-coach/sessions/a95cd6f5-f2e9-4a3f-bf01-c6a57a539a95/events?cursor=7181&timeout_ms=1200 200 in 1738ms (compile: 6ms, render: 1732ms)
[voice-coach.build] {"trace_id":"898a3f6b-7f43-4ce4-a481-eb73efe0b40f","client_build":"bench-1771816888032","server_build":"dev","method":"GET","route":"_api_voice-coach_sessions_a95cd6f5-f2e9-4a3f-bf01-c6a57a539a95_events","executor":"unknown","ts":"2026-02-23T03:21:54.851Z"}
 GET /api/voice-coach/sessions/a95cd6f5-f2e9-4a3f-bf01-c6a57a539a95/events?cursor=7182&timeout_ms=1200 200 in 924ms (compile: 5ms, render: 919ms)
[voice-coach.build] {"trace_id":"737df74a-c917-4cbb-9504-16afa31ef671","client_build":"bench-1771816888032","server_build":"dev","method":"POST","route":"_api_voice-coach_sessions_a95cd6f5-f2e9-4a3f-bf01-c6a57a539a95_beautician-turn_submit","executor":"unknown","ts":"2026-02-23T03:21:57.213Z"}
 POST /api/voice-coach/sessions/a95cd6f5-f2e9-4a3f-bf01-c6a57a539a95/beautician-turn/submit 200 in 6.2s (compile: 5ms, render: 6.2s)
[voice-coach.build] {"trace_id":"60c21d1d-559b-4442-9531-1f7b32fb7510","client_build":"bench-1771816888032","server_build":"dev","method":"GET","route":"_api_voice-coach_sessions_a95cd6f5-f2e9-4a3f-bf01-c6a57a539a95_events","executor":"unknown","ts":"2026-02-23T03:22:03.424Z"}
 GET /api/voice-coach/sessions/a95cd6f5-f2e9-4a3f-bf01-c6a57a539a95/events?cursor=7184&timeout_ms=1200 200 in 1965ms (compile: 8ms, render: 1957ms)
[voice-coach.build] {"trace_id":"23abae0d-9b3b-416a-8d1f-9a136776acf0","client_build":"bench-1771816888032","server_build":"dev","method":"GET","route":"_api_voice-coach_sessions_a95cd6f5-f2e9-4a3f-bf01-c6a57a539a95_events","executor":"unknown","ts":"2026-02-23T03:22:05.392Z"}
 GET /api/voice-coach/sessions/a95cd6f5-f2e9-4a3f-bf01-c6a57a539a95/events?cursor=7184&timeout_ms=1200 200 in 913ms (compile: 6ms, render: 907ms)
[voice-coach.build] {"trace_id":"be19ecb6-5fb4-4b22-bb6b-f964fe1f9c75","client_build":"bench-1771816888032","server_build":"dev","method":"GET","route":"_api_voice-coach_sessions_a95cd6f5-f2e9-4a3f-bf01-c6a57a539a95_events","executor":"unknown","ts":"2026-02-23T03:22:06.308Z"}
 GET /api/voice-coach/sessions/a95cd6f5-f2e9-4a3f-bf01-c6a57a539a95/events?cursor=7185&timeout_ms=1200 200 in 1605ms (compile: 6ms, render: 1599ms)
[voice-coach.build] {"trace_id":"1eecfa65-f904-4f3c-9256-238e9ab048ff","client_build":"bench-1771816888032","server_build":"dev","method":"GET","route":"_api_voice-coach_sessions_a95cd6f5-f2e9-4a3f-bf01-c6a57a539a95_events","executor":"unknown","ts":"2026-02-23T03:22:07.919Z"}
 GET /api/voice-coach/sessions/a95cd6f5-f2e9-4a3f-bf01-c6a57a539a95/events?cursor=7186&timeout_ms=1200 200 in 926ms (compile: 5ms, render: 921ms)
[voice-coach.build] {"trace_id":"d15bfc87-9977-4b05-aea7-22bb71a70d85","client_build":"bench-1771816928901","server_build":"dev","method":"POST","route":"_api_voice-coach_sessions","executor":"unknown","ts":"2026-02-23T03:22:09.897Z"}
 POST /api/voice-coach/sessions 200 in 1592ms (compile: 3ms, render: 1589ms)
[voice-coach.build] {"trace_id":"fa512be4-172c-4e4e-a3b3-4813d9729299","client_build":"bench-1771816928901","server_build":"dev","method":"POST","route":"_api_voice-coach_sessions_454e8c4c-86ed-412c-ac99-02e51df40b48_beautician-turn_submit","executor":"unknown","ts":"2026-02-23T03:22:12.922Z"}
 POST /api/voice-coach/sessions/454e8c4c-86ed-412c-ac99-02e51df40b48/beautician-turn/submit 200 in 5.5s (compile: 6ms, render: 5.5s)
[voice-coach.build] {"trace_id":"954f617e-c0e0-4cf5-86cf-900dd0946f05","client_build":"bench-1771816928901","server_build":"dev","method":"GET","route":"_api_voice-coach_sessions_454e8c4c-86ed-412c-ac99-02e51df40b48_events","executor":"unknown","ts":"2026-02-23T03:22:18.465Z"}
 GET /api/voice-coach/sessions/454e8c4c-86ed-412c-ac99-02e51df40b48/events?cursor=7188&timeout_ms=1200 200 in 1969ms (compile: 5ms, render: 1963ms)
[voice-coach.build] {"trace_id":"a090e229-757a-45d9-adf0-f996fd94f961","client_build":"bench-1771816928901","server_build":"dev","method":"GET","route":"_api_voice-coach_sessions_454e8c4c-86ed-412c-ac99-02e51df40b48_events","executor":"unknown","ts":"2026-02-23T03:22:20.440Z"}
 GET /api/voice-coach/sessions/454e8c4c-86ed-412c-ac99-02e51df40b48/events?cursor=7188&timeout_ms=1200 200 in 1019ms (compile: 6ms, render: 1012ms)
[voice-coach.build] {"trace_id":"acc11996-7145-4305-b5a3-51f2515f5d3c","client_build":"bench-1771816928901","server_build":"dev","method":"GET","route":"_api_voice-coach_sessions_454e8c4c-86ed-412c-ac99-02e51df40b48_events","executor":"unknown","ts":"2026-02-23T03:22:21.464Z"}
 GET /api/voice-coach/sessions/454e8c4c-86ed-412c-ac99-02e51df40b48/events?cursor=7189&timeout_ms=1200 200 in 928ms (compile: 6ms, render: 922ms)
[voice-coach.build] {"trace_id":"27553b37-0ba7-4f88-8c8a-feb0a663cb1d","client_build":"bench-1771816928901","server_build":"dev","method":"GET","route":"_api_voice-coach_sessions_454e8c4c-86ed-412c-ac99-02e51df40b48_events","executor":"unknown","ts":"2026-02-23T03:22:22.398Z"}
 GET /api/voice-coach/sessions/454e8c4c-86ed-412c-ac99-02e51df40b48/events?cursor=7190&timeout_ms=1200 200 in 1002ms (compile: 5ms, render: 996ms)
[voice-coach.build] {"trace_id":"acdc545a-7376-4cda-b846-64e9254d7dd0","client_build":"bench-1771816928901","server_build":"dev","method":"POST","route":"_api_voice-coach_sessions_454e8c4c-86ed-412c-ac99-02e51df40b48_beautician-turn_submit","executor":"unknown","ts":"2026-02-23T03:22:24.883Z"}
 POST /api/voice-coach/sessions/454e8c4c-86ed-412c-ac99-02e51df40b48/beautician-turn/submit 200 in 5.7s (compile: 7ms, render: 5.7s)
[voice-coach.build] {"trace_id":"e4240049-6d4c-419c-8074-ed4c4005c3c8","client_build":"bench-1771816928901","server_build":"dev","method":"GET","route":"_api_voice-coach_sessions_454e8c4c-86ed-412c-ac99-02e51df40b48_events","executor":"unknown","ts":"2026-02-23T03:22:30.617Z"}
 GET /api/voice-coach/sessions/454e8c4c-86ed-412c-ac99-02e51df40b48/events?cursor=7192&timeout_ms=1200 200 in 1921ms (compile: 6ms, render: 1915ms)
[voice-coach.build] {"trace_id":"9976c260-3b50-42b3-8928-3e20c85de86f","client_build":"bench-1771816928901","server_build":"dev","method":"GET","route":"_api_voice-coach_sessions_454e8c4c-86ed-412c-ac99-02e51df40b48_events","executor":"unknown","ts":"2026-02-23T03:22:32.544Z"}
 GET /api/voice-coach/sessions/454e8c4c-86ed-412c-ac99-02e51df40b48/events?cursor=7192&timeout_ms=1200 200 in 926ms (compile: 8ms, render: 919ms)
[voice-coach.build] {"trace_id":"ca279152-5023-43a8-afc7-df529fdf533a","client_build":"bench-1771816928901","server_build":"dev","method":"GET","route":"_api_voice-coach_sessions_454e8c4c-86ed-412c-ac99-02e51df40b48_events","executor":"unknown","ts":"2026-02-23T03:22:33.473Z"}
 GET /api/voice-coach/sessions/454e8c4c-86ed-412c-ac99-02e51df40b48/events?cursor=7193&timeout_ms=1200 200 in 1390ms (compile: 5ms, render: 1384ms)
[voice-coach.build] {"trace_id":"329de35f-4d65-4ead-b693-7ee74290cd74","client_build":"bench-1771816928901","server_build":"dev","method":"GET","route":"_api_voice-coach_sessions_454e8c4c-86ed-412c-ac99-02e51df40b48_events","executor":"unknown","ts":"2026-02-23T03:22:34.870Z"}
 GET /api/voice-coach/sessions/454e8c4c-86ed-412c-ac99-02e51df40b48/events?cursor=7194&timeout_ms=1200 200 in 1038ms (compile: 7ms, render: 1031ms)
[voice-coach.build] {"trace_id":"7ad9b78e-01f5-489d-931d-7ad5be2894f8","client_build":"bench-1771816928901","server_build":"dev","method":"POST","route":"_api_voice-coach_sessions_454e8c4c-86ed-412c-ac99-02e51df40b48_beautician-turn_submit","executor":"unknown","ts":"2026-02-23T03:22:37.263Z"}
 POST /api/voice-coach/sessions/454e8c4c-86ed-412c-ac99-02e51df40b48/beautician-turn/submit 200 in 5.6s (compile: 6ms, render: 5.6s)
[voice-coach.build] {"trace_id":"544c270b-9eb4-4ccd-ac93-6c110dce65ec","client_build":"bench-1771816928901","server_build":"dev","method":"GET","route":"_api_voice-coach_sessions_454e8c4c-86ed-412c-ac99-02e51df40b48_events","executor":"unknown","ts":"2026-02-23T03:22:42.821Z"}
 GET /api/voice-coach/sessions/454e8c4c-86ed-412c-ac99-02e51df40b48/events?cursor=7196&timeout_ms=1200 200 in 1893ms (compile: 2ms, render: 1891ms)
[voice-coach.build] {"trace_id":"1a45983e-0bd1-4ae8-9427-42dd201032a5","client_build":"bench-1771816928901","server_build":"dev","method":"GET","route":"_api_voice-coach_sessions_454e8c4c-86ed-412c-ac99-02e51df40b48_events","executor":"unknown","ts":"2026-02-23T03:22:44.728Z"}
 GET /api/voice-coach/sessions/454e8c4c-86ed-412c-ac99-02e51df40b48/events?cursor=7196&timeout_ms=1200 200 in 938ms (compile: 7ms, render: 931ms)
[voice-coach.build] {"trace_id":"8dea2ff9-a10b-45a7-884b-fe4e6386c023","client_build":"bench-1771816928901","server_build":"dev","method":"GET","route":"_api_voice-coach_sessions_454e8c4c-86ed-412c-ac99-02e51df40b48_events","executor":"unknown","ts":"2026-02-23T03:22:45.672Z"}
 GET /api/voice-coach/sessions/454e8c4c-86ed-412c-ac99-02e51df40b48/events?cursor=7197&timeout_ms=1200 200 in 938ms (compile: 6ms, render: 932ms)
[voice-coach.build] {"trace_id":"a9649fa9-45d5-4c62-98b3-b2169b3276bc","client_build":"bench-1771816928901","server_build":"dev","method":"GET","route":"_api_voice-coach_sessions_454e8c4c-86ed-412c-ac99-02e51df40b48_events","executor":"unknown","ts":"2026-02-23T03:22:46.613Z"}
 GET /api/voice-coach/sessions/454e8c4c-86ed-412c-ac99-02e51df40b48/events?cursor=7198&timeout_ms=1200 200 in 927ms (compile: 6ms, render: 922ms)
[voice-coach.build] {"trace_id":"7edd8426-bf20-4fe6-8e42-ff44856d5ed5","client_build":"bench-1771816967596","server_build":"dev","method":"POST","route":"_api_voice-coach_sessions","executor":"unknown","ts":"2026-02-23T03:22:48.600Z"}
 POST /api/voice-coach/sessions 200 in 1705ms (compile: 2ms, render: 1703ms)
[voice-coach.build] {"trace_id":"a3e6fcf6-eb0b-42ad-8116-cc3dbb226628","client_build":"bench-1771816967596","server_build":"dev","method":"POST","route":"_api_voice-coach_sessions_2cdc4d64-b5f0-4e6a-8f26-c31509ad7fb3_beautician-turn_submit","executor":"unknown","ts":"2026-02-23T03:22:51.765Z"}
 POST /api/voice-coach/sessions/2cdc4d64-b5f0-4e6a-8f26-c31509ad7fb3/beautician-turn/submit 200 in 5.2s (compile: 5ms, render: 5.2s)
[voice-coach.build] {"trace_id":"90b3f562-6a49-4258-a03f-f949bac96a88","client_build":"bench-1771816967596","server_build":"dev","method":"GET","route":"_api_voice-coach_sessions_2cdc4d64-b5f0-4e6a-8f26-c31509ad7fb3_events","executor":"unknown","ts":"2026-02-23T03:22:56.982Z"}
 GET /api/voice-coach/sessions/2cdc4d64-b5f0-4e6a-8f26-c31509ad7fb3/events?cursor=7200&timeout_ms=1200 200 in 1908ms (compile: 7ms, render: 1902ms)
[voice-coach.build] {"trace_id":"817984e9-5a8d-4a47-be8f-dadf3124b4c0","client_build":"bench-1771816967596","server_build":"dev","method":"GET","route":"_api_voice-coach_sessions_2cdc4d64-b5f0-4e6a-8f26-c31509ad7fb3_events","executor":"unknown","ts":"2026-02-23T03:22:58.896Z"}
 GET /api/voice-coach/sessions/2cdc4d64-b5f0-4e6a-8f26-c31509ad7fb3/events?cursor=7200&timeout_ms=1200 200 in 922ms (compile: 6ms, render: 917ms)
[voice-coach.build] {"trace_id":"7194ca7b-98af-441a-baf5-5b86504683a4","client_build":"bench-1771816967596","server_build":"dev","method":"GET","route":"_api_voice-coach_sessions_2cdc4d64-b5f0-4e6a-8f26-c31509ad7fb3_events","executor":"unknown","ts":"2026-02-23T03:22:59.823Z"}
 GET /api/voice-coach/sessions/2cdc4d64-b5f0-4e6a-8f26-c31509ad7fb3/events?cursor=7201&timeout_ms=1200 200 in 1170ms (compile: 5ms, render: 1165ms)
[voice-coach.build] {"trace_id":"40b0bf69-069d-4faa-a3ee-524462744f6a","client_build":"bench-1771816967596","server_build":"dev","method":"GET","route":"_api_voice-coach_sessions_2cdc4d64-b5f0-4e6a-8f26-c31509ad7fb3_events","executor":"unknown","ts":"2026-02-23T03:23:01.000Z"}
 GET /api/voice-coach/sessions/2cdc4d64-b5f0-4e6a-8f26-c31509ad7fb3/events?cursor=7202&timeout_ms=1200 200 in 927ms (compile: 6ms, render: 921ms)
[voice-coach.build] {"trace_id":"d2858f39-1fe2-49ee-8ef5-a1a1d5959844","client_build":"bench-1771816967596","server_build":"dev","method":"POST","route":"_api_voice-coach_sessions_2cdc4d64-b5f0-4e6a-8f26-c31509ad7fb3_beautician-turn_submit","executor":"unknown","ts":"2026-02-23T03:23:03.460Z"}
 POST /api/voice-coach/sessions/2cdc4d64-b5f0-4e6a-8f26-c31509ad7fb3/beautician-turn/submit 200 in 5.2s (compile: 8ms, render: 5.2s)
[voice-coach.build] {"trace_id":"d00ab1a0-acc9-4c17-bca3-6218361a0266","client_build":"bench-1771816967596","server_build":"dev","method":"GET","route":"_api_voice-coach_sessions_2cdc4d64-b5f0-4e6a-8f26-c31509ad7fb3_events","executor":"unknown","ts":"2026-02-23T03:23:08.640Z"}
 GET /api/voice-coach/sessions/2cdc4d64-b5f0-4e6a-8f26-c31509ad7fb3/events?cursor=7204&timeout_ms=1200 200 in 1897ms (compile: 6ms, render: 1891ms)
[voice-coach.build] {"trace_id":"044cf50d-5066-47a2-bdb1-c676e7b25239","client_build":"bench-1771816967596","server_build":"dev","method":"GET","route":"_api_voice-coach_sessions_2cdc4d64-b5f0-4e6a-8f26-c31509ad7fb3_events","executor":"unknown","ts":"2026-02-23T03:23:10.544Z"}
 GET /api/voice-coach/sessions/2cdc4d64-b5f0-4e6a-8f26-c31509ad7fb3/events?cursor=7204&timeout_ms=1200 200 in 1001ms (compile: 8ms, render: 993ms)
[voice-coach.build] {"trace_id":"e87e22b0-1324-40e3-8b6d-b82e9cdd9266","client_build":"bench-1771816967596","server_build":"dev","method":"GET","route":"_api_voice-coach_sessions_2cdc4d64-b5f0-4e6a-8f26-c31509ad7fb3_events","executor":"unknown","ts":"2026-02-23T03:23:11.548Z"}
 GET /api/voice-coach/sessions/2cdc4d64-b5f0-4e6a-8f26-c31509ad7fb3/events?cursor=7205&timeout_ms=1200 200 in 1401ms (compile: 6ms, render: 1395ms)
[voice-coach.build] {"trace_id":"c1e9d5c5-3411-49ec-afe3-d4988e9974f3","client_build":"bench-1771816967596","server_build":"dev","method":"GET","route":"_api_voice-coach_sessions_2cdc4d64-b5f0-4e6a-8f26-c31509ad7fb3_events","executor":"unknown","ts":"2026-02-23T03:23:12.953Z"}
 GET /api/voice-coach/sessions/2cdc4d64-b5f0-4e6a-8f26-c31509ad7fb3/events?cursor=7206&timeout_ms=1200 200 in 919ms (compile: 5ms, render: 913ms)
[voice-coach.build] {"trace_id":"34862540-6657-44f1-8021-10c350337fef","client_build":"bench-1771816967596","server_build":"dev","method":"POST","route":"_api_voice-coach_sessions_2cdc4d64-b5f0-4e6a-8f26-c31509ad7fb3_beautician-turn_submit","executor":"unknown","ts":"2026-02-23T03:23:15.247Z"}
 POST /api/voice-coach/sessions/2cdc4d64-b5f0-4e6a-8f26-c31509ad7fb3/beautician-turn/submit 200 in 5.4s (compile: 7ms, render: 5.4s)
[voice-coach.build] {"trace_id":"e304f170-d8b1-481b-a881-086ba325c9c6","client_build":"bench-1771816967596","server_build":"dev","method":"GET","route":"_api_voice-coach_sessions_2cdc4d64-b5f0-4e6a-8f26-c31509ad7fb3_events","executor":"unknown","ts":"2026-02-23T03:23:20.614Z"}
 GET /api/voice-coach/sessions/2cdc4d64-b5f0-4e6a-8f26-c31509ad7fb3/events?cursor=7208&timeout_ms=1200 200 in 1898ms (compile: 5ms, render: 1892ms)
[voice-coach.build] {"trace_id":"31f96594-566f-4c5d-aff3-2b5da3825940","client_build":"bench-1771816967596","server_build":"dev","method":"GET","route":"_api_voice-coach_sessions_2cdc4d64-b5f0-4e6a-8f26-c31509ad7fb3_events","executor":"unknown","ts":"2026-02-23T03:23:22.518Z"}
 GET /api/voice-coach/sessions/2cdc4d64-b5f0-4e6a-8f26-c31509ad7fb3/events?cursor=7208&timeout_ms=1200 200 in 894ms (compile: 7ms, render: 887ms)
[voice-coach.build] {"trace_id":"acfb3f16-0d2e-4c38-916f-7e4a6509ade4","client_build":"bench-1771816967596","server_build":"dev","method":"GET","route":"_api_voice-coach_sessions_2cdc4d64-b5f0-4e6a-8f26-c31509ad7fb3_events","executor":"unknown","ts":"2026-02-23T03:23:23.415Z"}
 GET /api/voice-coach/sessions/2cdc4d64-b5f0-4e6a-8f26-c31509ad7fb3/events?cursor=7209&timeout_ms=1200 200 in 905ms (compile: 5ms, render: 900ms)
[voice-coach.build] {"trace_id":"1c6028a8-251e-4825-b501-783d638bb11b","client_build":"bench-1771816967596","server_build":"dev","method":"GET","route":"_api_voice-coach_sessions_2cdc4d64-b5f0-4e6a-8f26-c31509ad7fb3_events","executor":"unknown","ts":"2026-02-23T03:23:24.326Z"}
 GET /api/voice-coach/sessions/2cdc4d64-b5f0-4e6a-8f26-c31509ad7fb3/events?cursor=7210&timeout_ms=1200 200 in 918ms (compile: 6ms, render: 912ms)
[voice-coach.build] {"trace_id":"ca67e164-c6b1-4ecd-9b50-e1e071acb7ab","client_build":"bench-1771817005298","server_build":"dev","method":"POST","route":"_api_voice-coach_sessions","executor":"unknown","ts":"2026-02-23T03:23:26.271Z"}
 POST /api/voice-coach/sessions 200 in 1751ms (compile: 5ms, render: 1746ms)
[voice-coach.build] {"trace_id":"9d12fb32-2002-442b-88ae-edce40d4e392","client_build":"bench-1771817005298","server_build":"dev","method":"POST","route":"_api_voice-coach_sessions_d5e33b7a-fc07-4a9d-bd4c-c24221b92a44_beautician-turn_submit","executor":"unknown","ts":"2026-02-23T03:23:29.488Z"}
 POST /api/voice-coach/sessions/d5e33b7a-fc07-4a9d-bd4c-c24221b92a44/beautician-turn/submit 200 in 5.8s (compile: 6ms, render: 5.8s)
[voice-coach.build] {"trace_id":"9688ed3f-ec4e-4e86-92dc-161b6d28df02","client_build":"bench-1771817005298","server_build":"dev","method":"GET","route":"_api_voice-coach_sessions_d5e33b7a-fc07-4a9d-bd4c-c24221b92a44_events","executor":"unknown","ts":"2026-02-23T03:23:35.314Z"}
 GET /api/voice-coach/sessions/d5e33b7a-fc07-4a9d-bd4c-c24221b92a44/events?cursor=7212&timeout_ms=1200 200 in 1981ms (compile: 7ms, render: 1974ms)
[voice-coach.build] {"trace_id":"de3a1158-1727-4b62-8c4c-d81a6ddbd9f1","client_build":"bench-1771817005298","server_build":"dev","method":"GET","route":"_api_voice-coach_sessions_d5e33b7a-fc07-4a9d-bd4c-c24221b92a44_events","executor":"unknown","ts":"2026-02-23T03:23:37.300Z"}
 GET /api/voice-coach/sessions/d5e33b7a-fc07-4a9d-bd4c-c24221b92a44/events?cursor=7212&timeout_ms=1200 200 in 926ms (compile: 5ms, render: 921ms)
[voice-coach.build] {"trace_id":"5a079775-2475-4932-81e7-6645a74c5573","client_build":"bench-1771817005298","server_build":"dev","method":"GET","route":"_api_voice-coach_sessions_d5e33b7a-fc07-4a9d-bd4c-c24221b92a44_events","executor":"unknown","ts":"2026-02-23T03:23:38.233Z"}
 GET /api/voice-coach/sessions/d5e33b7a-fc07-4a9d-bd4c-c24221b92a44/events?cursor=7213&timeout_ms=1200 200 in 1555ms (compile: 6ms, render: 1549ms)
[voice-coach.build] {"trace_id":"ce0a7a93-160c-4a8e-96b9-86947721aa86","client_build":"bench-1771817005298","server_build":"dev","method":"GET","route":"_api_voice-coach_sessions_d5e33b7a-fc07-4a9d-bd4c-c24221b92a44_events","executor":"unknown","ts":"2026-02-23T03:23:39.794Z"}
 GET /api/voice-coach/sessions/d5e33b7a-fc07-4a9d-bd4c-c24221b92a44/events?cursor=7214&timeout_ms=1200 200 in 922ms (compile: 5ms, render: 917ms)
[voice-coach.build] {"trace_id":"ec102705-9b12-44a6-a8f9-80b2a334e0f1","client_build":"bench-1771817005298","server_build":"dev","method":"POST","route":"_api_voice-coach_sessions_d5e33b7a-fc07-4a9d-bd4c-c24221b92a44_beautician-turn_submit","executor":"unknown","ts":"2026-02-23T03:23:42.199Z"}
 POST /api/voice-coach/sessions/d5e33b7a-fc07-4a9d-bd4c-c24221b92a44/beautician-turn/submit 200 in 5.0s (compile: 7ms, render: 5.0s)
[voice-coach.build] {"trace_id":"80fc13e0-d867-4c07-977d-615ceed12000","client_build":"bench-1771817005298","server_build":"dev","method":"GET","route":"_api_voice-coach_sessions_d5e33b7a-fc07-4a9d-bd4c-c24221b92a44_events","executor":"unknown","ts":"2026-02-23T03:23:47.203Z"}
 GET /api/voice-coach/sessions/d5e33b7a-fc07-4a9d-bd4c-c24221b92a44/events?cursor=7216&timeout_ms=1200 200 in 2.0s (compile: 6ms, render: 2.0s)
[voice-coach.build] {"trace_id":"132bf54b-248b-400d-99e4-f2642a7843f8","client_build":"bench-1771817005298","server_build":"dev","method":"GET","route":"_api_voice-coach_sessions_d5e33b7a-fc07-4a9d-bd4c-c24221b92a44_events","executor":"unknown","ts":"2026-02-23T03:23:49.223Z"}
 GET /api/voice-coach/sessions/d5e33b7a-fc07-4a9d-bd4c-c24221b92a44/events?cursor=7216&timeout_ms=1200 200 in 909ms (compile: 5ms, render: 904ms)
[voice-coach.build] {"trace_id":"3e683857-e735-4b03-93ab-583d2f6f56a0","client_build":"bench-1771817005298","server_build":"dev","method":"GET","route":"_api_voice-coach_sessions_d5e33b7a-fc07-4a9d-bd4c-c24221b92a44_events","executor":"unknown","ts":"2026-02-23T03:23:50.137Z"}
 GET /api/voice-coach/sessions/d5e33b7a-fc07-4a9d-bd4c-c24221b92a44/events?cursor=7217&timeout_ms=1200 200 in 1391ms (compile: 5ms, render: 1385ms)
[voice-coach.build] {"trace_id":"9442a19a-0a5a-4d9a-9691-22ef3bb0a0b6","client_build":"bench-1771817005298","server_build":"dev","method":"GET","route":"_api_voice-coach_sessions_d5e33b7a-fc07-4a9d-bd4c-c24221b92a44_events","executor":"unknown","ts":"2026-02-23T03:23:51.535Z"}
 GET /api/voice-coach/sessions/d5e33b7a-fc07-4a9d-bd4c-c24221b92a44/events?cursor=7218&timeout_ms=1200 200 in 911ms (compile: 7ms, render: 903ms)
[voice-coach.build] {"trace_id":"de402b3b-e94a-442c-a0a6-53332ce410bd","client_build":"bench-1771817005298","server_build":"dev","method":"POST","route":"_api_voice-coach_sessions_d5e33b7a-fc07-4a9d-bd4c-c24221b92a44_beautician-turn_submit","executor":"unknown","ts":"2026-02-23T03:23:53.910Z"}
 POST /api/voice-coach/sessions/d5e33b7a-fc07-4a9d-bd4c-c24221b92a44/beautician-turn/submit 200 in 5.7s (compile: 7ms, render: 5.7s)
[voice-coach.build] {"trace_id":"29de3b17-a65f-4c80-bc06-492ee53d5b50","client_build":"bench-1771817005298","server_build":"dev","method":"GET","route":"_api_voice-coach_sessions_d5e33b7a-fc07-4a9d-bd4c-c24221b92a44_events","executor":"unknown","ts":"2026-02-23T03:23:59.617Z"}
 GET /api/voice-coach/sessions/d5e33b7a-fc07-4a9d-bd4c-c24221b92a44/events?cursor=7220&timeout_ms=1200 200 in 1998ms (compile: 6ms, render: 1993ms)
[voice-coach.build] {"trace_id":"120fcdf3-c9eb-4370-8be8-568b0c923f9c","client_build":"bench-1771817005298","server_build":"dev","method":"GET","route":"_api_voice-coach_sessions_d5e33b7a-fc07-4a9d-bd4c-c24221b92a44_events","executor":"unknown","ts":"2026-02-23T03:24:01.620Z"}
 GET /api/voice-coach/sessions/d5e33b7a-fc07-4a9d-bd4c-c24221b92a44/events?cursor=7220&timeout_ms=1200 200 in 911ms (compile: 7ms, render: 904ms)
[voice-coach.build] {"trace_id":"c08541c6-5f7d-42c6-b7fa-d4d9d3b1cce6","client_build":"bench-1771817005298","server_build":"dev","method":"GET","route":"_api_voice-coach_sessions_d5e33b7a-fc07-4a9d-bd4c-c24221b92a44_events","executor":"unknown","ts":"2026-02-23T03:24:02.535Z"}
 GET /api/voice-coach/sessions/d5e33b7a-fc07-4a9d-bd4c-c24221b92a44/events?cursor=7221&timeout_ms=1200 200 in 1412ms (compile: 6ms, render: 1406ms)
[voice-coach.build] {"trace_id":"c02e7fa9-4d88-47f1-b709-b8299f59d4e7","client_build":"bench-1771817005298","server_build":"dev","method":"GET","route":"_api_voice-coach_sessions_d5e33b7a-fc07-4a9d-bd4c-c24221b92a44_events","executor":"unknown","ts":"2026-02-23T03:24:03.952Z"}
 GET /api/voice-coach/sessions/d5e33b7a-fc07-4a9d-bd4c-c24221b92a44/events?cursor=7222&timeout_ms=1200 200 in 917ms (compile: 5ms, render: 911ms)
[voice-coach.build] {"trace_id":"8cedf266-514a-4b28-b7e3-4fc6f62e0779","client_build":"bench-1771817044924","server_build":"dev","method":"POST","route":"_api_voice-coach_sessions","executor":"unknown","ts":"2026-02-23T03:24:05.924Z"}
 POST /api/voice-coach/sessions 200 in 1986ms (compile: 3ms, render: 1982ms)
[voice-coach.build] {"trace_id":"3550b308-4c2b-473d-9a80-8e2f4e129c98","client_build":"bench-1771817044924","server_build":"dev","method":"POST","route":"_api_voice-coach_sessions_f4ca8a09-0832-4d45-a2d5-bf7804e04aa7_beautician-turn_submit","executor":"unknown","ts":"2026-02-23T03:24:09.374Z"}
 POST /api/voice-coach/sessions/f4ca8a09-0832-4d45-a2d5-bf7804e04aa7/beautician-turn/submit 200 in 5.5s (compile: 6ms, render: 5.4s)
[voice-coach.build] {"trace_id":"e72cdb7e-7312-44a6-aa43-386cd1438126","client_build":"bench-1771817044924","server_build":"dev","method":"GET","route":"_api_voice-coach_sessions_f4ca8a09-0832-4d45-a2d5-bf7804e04aa7_events","executor":"unknown","ts":"2026-02-23T03:24:14.839Z"}
 GET /api/voice-coach/sessions/f4ca8a09-0832-4d45-a2d5-bf7804e04aa7/events?cursor=7224&timeout_ms=1200 200 in 1930ms (compile: 7ms, render: 1923ms)
[voice-coach.build] {"trace_id":"9e2061c2-a7f5-4285-add7-0012f339df1f","client_build":"bench-1771817044924","server_build":"dev","method":"GET","route":"_api_voice-coach_sessions_f4ca8a09-0832-4d45-a2d5-bf7804e04aa7_events","executor":"unknown","ts":"2026-02-23T03:24:16.774Z"}
 GET /api/voice-coach/sessions/f4ca8a09-0832-4d45-a2d5-bf7804e04aa7/events?cursor=7224&timeout_ms=1200 200 in 916ms (compile: 6ms, render: 911ms)
[voice-coach.build] {"trace_id":"e1b04f03-188b-4077-8511-c586407e974f","client_build":"bench-1771817044924","server_build":"dev","method":"GET","route":"_api_voice-coach_sessions_f4ca8a09-0832-4d45-a2d5-bf7804e04aa7_events","executor":"unknown","ts":"2026-02-23T03:24:17.695Z"}
 GET /api/voice-coach/sessions/f4ca8a09-0832-4d45-a2d5-bf7804e04aa7/events?cursor=7225&timeout_ms=1200 200 in 1391ms (compile: 5ms, render: 1386ms)
[voice-coach.build] {"trace_id":"86eefe46-a70c-4811-9ea3-e226de0aa223","client_build":"bench-1771817044924","server_build":"dev","method":"GET","route":"_api_voice-coach_sessions_f4ca8a09-0832-4d45-a2d5-bf7804e04aa7_events","executor":"unknown","ts":"2026-02-23T03:24:19.089Z"}
 GET /api/voice-coach/sessions/f4ca8a09-0832-4d45-a2d5-bf7804e04aa7/events?cursor=7226&timeout_ms=1200 200 in 926ms (compile: 4ms, render: 922ms)
[voice-coach.build] {"trace_id":"f53dfbb2-7b57-414f-958a-1709cfe1dca0","client_build":"bench-1771817044924","server_build":"dev","method":"POST","route":"_api_voice-coach_sessions_f4ca8a09-0832-4d45-a2d5-bf7804e04aa7_beautician-turn_submit","executor":"unknown","ts":"2026-02-23T03:24:21.654Z"}
 POST /api/voice-coach/sessions/f4ca8a09-0832-4d45-a2d5-bf7804e04aa7/beautician-turn/submit 200 in 6.4s (compile: 7ms, render: 6.4s)
[voice-coach.build] {"trace_id":"56b981cf-b395-4d71-ae1b-b9640fa577bc","client_build":"bench-1771817044924","server_build":"dev","method":"GET","route":"_api_voice-coach_sessions_f4ca8a09-0832-4d45-a2d5-bf7804e04aa7_events","executor":"unknown","ts":"2026-02-23T03:24:28.044Z"}
 GET /api/voice-coach/sessions/f4ca8a09-0832-4d45-a2d5-bf7804e04aa7/events?cursor=7228&timeout_ms=1200 200 in 1891ms (compile: 7ms, render: 1884ms)
[voice-coach.build] {"trace_id":"ee5e603f-d073-4265-b3ac-1cae7cdcf435","client_build":"bench-1771817044924","server_build":"dev","method":"GET","route":"_api_voice-coach_sessions_f4ca8a09-0832-4d45-a2d5-bf7804e04aa7_events","executor":"unknown","ts":"2026-02-23T03:24:29.938Z"}
 GET /api/voice-coach/sessions/f4ca8a09-0832-4d45-a2d5-bf7804e04aa7/events?cursor=7228&timeout_ms=1200 200 in 946ms (compile: 5ms, render: 940ms)
[voice-coach.build] {"trace_id":"4f5d5d7d-168c-4784-ae59-6918574ec70c","client_build":"bench-1771817044924","server_build":"dev","method":"GET","route":"_api_voice-coach_sessions_f4ca8a09-0832-4d45-a2d5-bf7804e04aa7_events","executor":"unknown","ts":"2026-02-23T03:24:30.890Z"}
 GET /api/voice-coach/sessions/f4ca8a09-0832-4d45-a2d5-bf7804e04aa7/events?cursor=7229&timeout_ms=1200 200 in 1639ms (compile: 5ms, render: 1634ms)
[voice-coach.build] {"trace_id":"bf09dee7-6796-45e1-b3d5-f12123c741bf","client_build":"bench-1771817044924","server_build":"dev","method":"GET","route":"_api_voice-coach_sessions_f4ca8a09-0832-4d45-a2d5-bf7804e04aa7_events","executor":"unknown","ts":"2026-02-23T03:24:32.536Z"}
 GET /api/voice-coach/sessions/f4ca8a09-0832-4d45-a2d5-bf7804e04aa7/events?cursor=7230&timeout_ms=1200 200 in 956ms (compile: 5ms, render: 950ms)
[voice-coach.build] {"trace_id":"7aae5746-6305-46b8-917c-a96be20a5ecd","client_build":"bench-1771817044924","server_build":"dev","method":"POST","route":"_api_voice-coach_sessions_f4ca8a09-0832-4d45-a2d5-bf7804e04aa7_beautician-turn_submit","executor":"unknown","ts":"2026-02-23T03:24:34.938Z"}
 POST /api/voice-coach/sessions/f4ca8a09-0832-4d45-a2d5-bf7804e04aa7/beautician-turn/submit 200 in 5.9s (compile: 7ms, render: 5.9s)
[voice-coach.build] {"trace_id":"6a5999db-0934-40c7-9326-f66dc67bb5fd","client_build":"bench-1771817044924","server_build":"dev","method":"GET","route":"_api_voice-coach_sessions_f4ca8a09-0832-4d45-a2d5-bf7804e04aa7_events","executor":"unknown","ts":"2026-02-23T03:24:40.884Z"}
 GET /api/voice-coach/sessions/f4ca8a09-0832-4d45-a2d5-bf7804e04aa7/events?cursor=7232&timeout_ms=1200 200 in 1972ms (compile: 6ms, render: 1965ms)
[voice-coach.build] {"trace_id":"02397081-4174-4592-963c-d801a83a2eb4","client_build":"bench-1771817044924","server_build":"dev","method":"GET","route":"_api_voice-coach_sessions_f4ca8a09-0832-4d45-a2d5-bf7804e04aa7_events","executor":"unknown","ts":"2026-02-23T03:24:42.866Z"}
 GET /api/voice-coach/sessions/f4ca8a09-0832-4d45-a2d5-bf7804e04aa7/events?cursor=7232&timeout_ms=1200 200 in 1051ms (compile: 7ms, render: 1045ms)
[voice-coach.build] {"trace_id":"399e65df-644b-45fa-b210-124b658e8f39","client_build":"bench-1771817044924","server_build":"dev","method":"GET","route":"_api_voice-coach_sessions_f4ca8a09-0832-4d45-a2d5-bf7804e04aa7_events","executor":"unknown","ts":"2026-02-23T03:24:43.923Z"}
 GET /api/voice-coach/sessions/f4ca8a09-0832-4d45-a2d5-bf7804e04aa7/events?cursor=7233&timeout_ms=1200 200 in 924ms (compile: 5ms, render: 919ms)
