[ASR-GATE] require_flash=true，启动前执行 ASR selfcheck...
[ASR-SELFCHECK] PASS flash_request_id=58b3c86a-c529-4359-abf5-66ef971850b0 flash_logid=20260223112620FDAC4B203679346E8C3F error_code=none
{"status":"PASS","error_code":null,"flash_request_id":"58b3c86a-c529-4359-abf5-66ef971850b0","flash_logid":"20260223112620FDAC4B203679346E8C3F","appid_last4":"8764","resource_id":"volc.bigasr.auc_turbo","occurred_at":"2026-02-23T03:26:19.963Z","environment":"unknown","http_status":200,"api_status":"20000003","api_code":null,"message":"[Normal silence audio] no valid speech in audio","operation_hint":null}
[ASR-HEALTH] {"check":"asr_flash_selfcheck","status":"PASS","flash_request_id":"58b3c86a-c529-4359-abf5-66ef971850b0","flash_logid":"20260223112620FDAC4B203679346E8C3F","resource_id":"volc.bigasr.auc_turbo","occurred_at":"2026-02-23T03:26:19.963Z","environment":"unknown"}
[ASR-STARTUP-HEALTH] {"check":"startup_asr_flash_gate","status":"PASS","occurred_at":"2026-02-23T03:26:20.369Z","require_flash":true,"gate_enabled":true,"selfcheck_exit_code":0}
[ASR-GATE] selfcheck 通过，继续启动。
   ▲ Next.js 16.0.7 (Turbopack)
   - Local:         http://127.0.0.1:3730
   - Network:       http://127.0.0.1:3730
   - Environments: .env.local

 ✓ Starting...
[baseline-browser-mapping] The data in this module is over two months old.  To ensure accurate Baseline data, please update: `npm i baseline-browser-mapping@latest -D`
 ✓ Ready in 853ms
[voice-coach.build] {"trace_id":"e559a69c-665a-42b6-8f1a-376644d3c5f4","client_build":"bench-1771817192554","server_build":"dev","method":"POST","route":"_api_voice-coach_sessions","executor":"unknown","ts":"2026-02-23T03:26:34.015Z"}
 POST /api/voice-coach/sessions 200 in 2.6s (compile: 368ms, render: 2.3s)
[voice-coach.build] {"trace_id":"6165f2a1-1b62-4626-8bda-5c77c18f3740","client_build":"bench-1771817192554","server_build":"dev","method":"POST","route":"_api_voice-coach_sessions_0a5cdf22-0e4d-404b-807d-c8e9175f0c5a_beautician-turn_submit","executor":"unknown","ts":"2026-02-23T03:26:38.625Z"}
 POST /api/voice-coach/sessions/0a5cdf22-0e4d-404b-807d-c8e9175f0c5a/beautician-turn/submit 200 in 7.5s (compile: 686ms, render: 6.9s)
[voice-coach.build] {"trace_id":"dd764912-5e1c-43b7-b8ab-46e361770aad","client_build":"bench-1771817192554","server_build":"dev","method":"GET","route":"_api_voice-coach_sessions_0a5cdf22-0e4d-404b-807d-c8e9175f0c5a_events","executor":"unknown","ts":"2026-02-23T03:26:46.028Z"}
 GET /api/voice-coach/sessions/0a5cdf22-0e4d-404b-807d-c8e9175f0c5a/events?cursor=7236&timeout_ms=1200 200 in 2.4s (compile: 532ms, render: 1832ms)
[voice-coach.build] {"trace_id":"b2f0d3a5-f3f3-43ab-9cbf-465fe090a8fe","client_build":"bench-1771817192554","server_build":"dev","method":"GET","route":"_api_voice-coach_sessions_0a5cdf22-0e4d-404b-807d-c8e9175f0c5a_events","executor":"unknown","ts":"2026-02-23T03:26:47.874Z"}
 GET /api/voice-coach/sessions/0a5cdf22-0e4d-404b-807d-c8e9175f0c5a/events?cursor=7236&timeout_ms=1200 200 in 1383ms (compile: 8ms, render: 1375ms)
[voice-coach.build] {"trace_id":"b0e712c6-fb29-47cb-a138-582ad2988943","client_build":"bench-1771817192554","server_build":"dev","method":"GET","route":"_api_voice-coach_sessions_0a5cdf22-0e4d-404b-807d-c8e9175f0c5a_events","executor":"unknown","ts":"2026-02-23T03:26:49.262Z"}
 GET /api/voice-coach/sessions/0a5cdf22-0e4d-404b-807d-c8e9175f0c5a/events?cursor=7237&timeout_ms=1200 200 in 1387ms (compile: 7ms, render: 1380ms)
[voice-coach.build] {"trace_id":"c27ed816-4867-45e0-b37d-3aa1bc75ac0e","client_build":"bench-1771817192554","server_build":"dev","method":"GET","route":"_api_voice-coach_sessions_0a5cdf22-0e4d-404b-807d-c8e9175f0c5a_events","executor":"unknown","ts":"2026-02-23T03:26:50.653Z"}
 GET /api/voice-coach/sessions/0a5cdf22-0e4d-404b-807d-c8e9175f0c5a/events?cursor=7238&timeout_ms=1200 200 in 956ms (compile: 6ms, render: 950ms)
[voice-coach.build] {"trace_id":"54d12497-6ffd-49f1-8636-1c15df50dc25","client_build":"bench-1771817192554","server_build":"dev","method":"POST","route":"_api_voice-coach_sessions_0a5cdf22-0e4d-404b-807d-c8e9175f0c5a_beautician-turn_submit","executor":"unknown","ts":"2026-02-23T03:26:53.189Z"}
 POST /api/voice-coach/sessions/0a5cdf22-0e4d-404b-807d-c8e9175f0c5a/beautician-turn/submit 200 in 5.7s (compile: 6ms, render: 5.6s)
[voice-coach.build] {"trace_id":"310097a1-9dc7-46f5-a64c-c656bea1527e","client_build":"bench-1771817192554","server_build":"dev","method":"GET","route":"_api_voice-coach_sessions_0a5cdf22-0e4d-404b-807d-c8e9175f0c5a_events","executor":"unknown","ts":"2026-02-23T03:26:58.853Z"}
 GET /api/voice-coach/sessions/0a5cdf22-0e4d-404b-807d-c8e9175f0c5a/events?cursor=7240&timeout_ms=1200 200 in 1847ms (compile: 7ms, render: 1840ms)
[voice-coach.build] {"trace_id":"b26cb656-210c-42d4-8311-2a63cac7e5a6","client_build":"bench-1771817192554","server_build":"dev","method":"GET","route":"_api_voice-coach_sessions_0a5cdf22-0e4d-404b-807d-c8e9175f0c5a_events","executor":"unknown","ts":"2026-02-23T03:27:00.711Z"}
 GET /api/voice-coach/sessions/0a5cdf22-0e4d-404b-807d-c8e9175f0c5a/events?cursor=7240&timeout_ms=1200 200 in 1427ms (compile: 10ms, render: 1417ms)
[voice-coach.build] {"trace_id":"6c73c722-db95-4e82-8bde-e89323189543","client_build":"bench-1771817192554","server_build":"dev","method":"GET","route":"_api_voice-coach_sessions_0a5cdf22-0e4d-404b-807d-c8e9175f0c5a_events","executor":"unknown","ts":"2026-02-23T03:27:02.142Z"}
 GET /api/voice-coach/sessions/0a5cdf22-0e4d-404b-807d-c8e9175f0c5a/events?cursor=7241&timeout_ms=1200 200 in 893ms (compile: 8ms, render: 885ms)
[voice-coach.build] {"trace_id":"abfbcb8a-5e10-4033-90d5-ac4a5b9864f9","client_build":"bench-1771817192554","server_build":"dev","method":"GET","route":"_api_voice-coach_sessions_0a5cdf22-0e4d-404b-807d-c8e9175f0c5a_events","executor":"unknown","ts":"2026-02-23T03:27:03.038Z"}
 GET /api/voice-coach/sessions/0a5cdf22-0e4d-404b-807d-c8e9175f0c5a/events?cursor=7242&timeout_ms=1200 200 in 900ms (compile: 7ms, render: 894ms)
[voice-coach.build] {"trace_id":"46699a4d-4b82-4e9e-883e-56994f7d1ebb","client_build":"bench-1771817192554","server_build":"dev","method":"POST","route":"_api_voice-coach_sessions_0a5cdf22-0e4d-404b-807d-c8e9175f0c5a_beautician-turn_submit","executor":"unknown","ts":"2026-02-23T03:27:05.301Z"}
 POST /api/voice-coach/sessions/0a5cdf22-0e4d-404b-807d-c8e9175f0c5a/beautician-turn/submit 200 in 5.4s (compile: 6ms, render: 5.4s)
[voice-coach.build] {"trace_id":"9ad52290-3da8-4688-91ec-00cdb0f20ed7","client_build":"bench-1771817192554","server_build":"dev","method":"GET","route":"_api_voice-coach_sessions_0a5cdf22-0e4d-404b-807d-c8e9175f0c5a_events","executor":"unknown","ts":"2026-02-23T03:27:10.664Z"}
 GET /api/voice-coach/sessions/0a5cdf22-0e4d-404b-807d-c8e9175f0c5a/events?cursor=7244&timeout_ms=1200 200 in 1877ms (compile: 6ms, render: 1870ms)
[voice-coach.build] {"trace_id":"324e44f1-dd41-449f-9d7b-1fcec407ba06","client_build":"bench-1771817192554","server_build":"dev","method":"GET","route":"_api_voice-coach_sessions_0a5cdf22-0e4d-404b-807d-c8e9175f0c5a_events","executor":"unknown","ts":"2026-02-23T03:27:12.548Z"}
 GET /api/voice-coach/sessions/0a5cdf22-0e4d-404b-807d-c8e9175f0c5a/events?cursor=7244&timeout_ms=1200 200 in 915ms (compile: 7ms, render: 907ms)
[voice-coach.build] {"trace_id":"1d5c9c8b-4833-4e90-8295-be4678ab00fb","client_build":"bench-1771817192554","server_build":"dev","method":"GET","route":"_api_voice-coach_sessions_0a5cdf22-0e4d-404b-807d-c8e9175f0c5a_events","executor":"unknown","ts":"2026-02-23T03:27:13.466Z"}
 GET /api/voice-coach/sessions/0a5cdf22-0e4d-404b-807d-c8e9175f0c5a/events?cursor=7245&timeout_ms=1200 200 in 1494ms (compile: 6ms, render: 1489ms)
[voice-coach.build] {"trace_id":"987705d6-db5a-4830-aa5e-4098fc896719","client_build":"bench-1771817192554","server_build":"dev","method":"GET","route":"_api_voice-coach_sessions_0a5cdf22-0e4d-404b-807d-c8e9175f0c5a_events","executor":"unknown","ts":"2026-02-23T03:27:14.967Z"}
 GET /api/voice-coach/sessions/0a5cdf22-0e4d-404b-807d-c8e9175f0c5a/events?cursor=7246&timeout_ms=1200 200 in 924ms (compile: 6ms, render: 918ms)
[voice-coach.build] {"trace_id":"9e819811-64d8-4bb7-8045-aa20b99f31c9","client_build":"bench-1771817235945","server_build":"dev","method":"POST","route":"_api_voice-coach_sessions","executor":"unknown","ts":"2026-02-23T03:27:17.052Z"}
 POST /api/voice-coach/sessions 200 in 1547ms (compile: 3ms, render: 1543ms)
[voice-coach.build] {"trace_id":"84abb36d-1018-4cef-80d7-edc7920846e8","client_build":"bench-1771817235945","server_build":"dev","method":"POST","route":"_api_voice-coach_sessions_019ed8d1-8302-472b-b69a-a5a47e22853f_beautician-turn_submit","executor":"unknown","ts":"2026-02-23T03:27:20.059Z"}
 POST /api/voice-coach/sessions/019ed8d1-8302-472b-b69a-a5a47e22853f/beautician-turn/submit 200 in 6.2s (compile: 9ms, render: 6.2s)
[voice-coach.build] {"trace_id":"08372c5c-1d79-4f19-baf5-47b0500429d9","client_build":"bench-1771817235945","server_build":"dev","method":"GET","route":"_api_voice-coach_sessions_019ed8d1-8302-472b-b69a-a5a47e22853f_events","executor":"unknown","ts":"2026-02-23T03:27:26.260Z"}
 GET /api/voice-coach/sessions/019ed8d1-8302-472b-b69a-a5a47e22853f/events?cursor=7248&timeout_ms=1200 200 in 1998ms (compile: 7ms, render: 1991ms)
[voice-coach.build] {"trace_id":"032d86fe-0713-481b-a093-f9930aa08c15","client_build":"bench-1771817235945","server_build":"dev","method":"GET","route":"_api_voice-coach_sessions_019ed8d1-8302-472b-b69a-a5a47e22853f_events","executor":"unknown","ts":"2026-02-23T03:27:28.262Z"}
 GET /api/voice-coach/sessions/019ed8d1-8302-472b-b69a-a5a47e22853f/events?cursor=7249&timeout_ms=1200 200 in 1406ms (compile: 6ms, render: 1400ms)
[voice-coach.build] {"trace_id":"39653a26-3859-44a9-be3e-6f15a565f22b","client_build":"bench-1771817235945","server_build":"dev","method":"GET","route":"_api_voice-coach_sessions_019ed8d1-8302-472b-b69a-a5a47e22853f_events","executor":"unknown","ts":"2026-02-23T03:27:29.672Z"}
 GET /api/voice-coach/sessions/019ed8d1-8302-472b-b69a-a5a47e22853f/events?cursor=7250&timeout_ms=1200 200 in 908ms (compile: 6ms, render: 902ms)
[voice-coach.build] {"trace_id":"f894da3a-afa8-4a37-89f0-f5452a933e14","client_build":"bench-1771817235945","server_build":"dev","method":"POST","route":"_api_voice-coach_sessions_019ed8d1-8302-472b-b69a-a5a47e22853f_beautician-turn_submit","executor":"unknown","ts":"2026-02-23T03:27:32.185Z"}
 POST /api/voice-coach/sessions/019ed8d1-8302-472b-b69a-a5a47e22853f/beautician-turn/submit 200 in 5.7s (compile: 6ms, render: 5.7s)
[voice-coach.build] {"trace_id":"5cb5d587-b737-4083-af6d-d9a152d842dc","client_build":"bench-1771817235945","server_build":"dev","method":"GET","route":"_api_voice-coach_sessions_019ed8d1-8302-472b-b69a-a5a47e22853f_events","executor":"unknown","ts":"2026-02-23T03:27:37.886Z"}
 GET /api/voice-coach/sessions/019ed8d1-8302-472b-b69a-a5a47e22853f/events?cursor=7252&timeout_ms=1200 200 in 1891ms (compile: 6ms, render: 1885ms)
[voice-coach.build] {"trace_id":"2e1307ba-8bb6-4b3f-ab73-23bc62dc98ba","client_build":"bench-1771817235945","server_build":"dev","method":"GET","route":"_api_voice-coach_sessions_019ed8d1-8302-472b-b69a-a5a47e22853f_events","executor":"unknown","ts":"2026-02-23T03:27:39.783Z"}
 GET /api/voice-coach/sessions/019ed8d1-8302-472b-b69a-a5a47e22853f/events?cursor=7252&timeout_ms=1200 200 in 898ms (compile: 6ms, render: 892ms)
[voice-coach.build] {"trace_id":"6782fff1-1ea5-49bb-8067-d9a5a31bdd24","client_build":"bench-1771817235945","server_build":"dev","method":"GET","route":"_api_voice-coach_sessions_019ed8d1-8302-472b-b69a-a5a47e22853f_events","executor":"unknown","ts":"2026-02-23T03:27:40.684Z"}
 GET /api/voice-coach/sessions/019ed8d1-8302-472b-b69a-a5a47e22853f/events?cursor=7253&timeout_ms=1200 200 in 929ms (compile: 5ms, render: 924ms)
[voice-coach.build] {"trace_id":"634e96ec-50d8-4946-983e-b74b9abf1489","client_build":"bench-1771817235945","server_build":"dev","method":"GET","route":"_api_voice-coach_sessions_019ed8d1-8302-472b-b69a-a5a47e22853f_events","executor":"unknown","ts":"2026-02-23T03:27:41.622Z"}
 GET /api/voice-coach/sessions/019ed8d1-8302-472b-b69a-a5a47e22853f/events?cursor=7254&timeout_ms=1200 200 in 896ms (compile: 7ms, render: 889ms)
[voice-coach.build] {"trace_id":"71901149-7178-4b7a-849c-257887783103","client_build":"bench-1771817235945","server_build":"dev","method":"POST","route":"_api_voice-coach_sessions_019ed8d1-8302-472b-b69a-a5a47e22853f_beautician-turn_submit","executor":"unknown","ts":"2026-02-23T03:27:43.934Z"}
 POST /api/voice-coach/sessions/019ed8d1-8302-472b-b69a-a5a47e22853f/beautician-turn/submit 200 in 5.2s (compile: 6ms, render: 5.2s)
[voice-coach.build] {"trace_id":"64f93f92-7a50-4606-a9a2-5a162787338e","client_build":"bench-1771817235945","server_build":"dev","method":"GET","route":"_api_voice-coach_sessions_019ed8d1-8302-472b-b69a-a5a47e22853f_events","executor":"unknown","ts":"2026-02-23T03:27:49.147Z"}
 GET /api/voice-coach/sessions/019ed8d1-8302-472b-b69a-a5a47e22853f/events?cursor=7256&timeout_ms=1200 200 in 1903ms (compile: 3ms, render: 1900ms)
[voice-coach.build] {"trace_id":"bb5e3575-50cd-4013-8c83-ac51b1dd47a0","client_build":"bench-1771817235945","server_build":"dev","method":"GET","route":"_api_voice-coach_sessions_019ed8d1-8302-472b-b69a-a5a47e22853f_events","executor":"unknown","ts":"2026-02-23T03:27:51.061Z"}
 GET /api/voice-coach/sessions/019ed8d1-8302-472b-b69a-a5a47e22853f/events?cursor=7256&timeout_ms=1200 200 in 916ms (compile: 6ms, render: 910ms)
[voice-coach.build] {"trace_id":"395a082f-6acd-4d87-886f-baa4f264b683","client_build":"bench-1771817235945","server_build":"dev","method":"GET","route":"_api_voice-coach_sessions_019ed8d1-8302-472b-b69a-a5a47e22853f_events","executor":"unknown","ts":"2026-02-23T03:27:51.981Z"}
 GET /api/voice-coach/sessions/019ed8d1-8302-472b-b69a-a5a47e22853f/events?cursor=7257&timeout_ms=1200 200 in 971ms (compile: 6ms, render: 965ms)
[voice-coach.build] {"trace_id":"537e3135-07dc-4115-b987-16f110d8919a","client_build":"bench-1771817235945","server_build":"dev","method":"GET","route":"_api_voice-coach_sessions_019ed8d1-8302-472b-b69a-a5a47e22853f_events","executor":"unknown","ts":"2026-02-23T03:27:52.957Z"}
 GET /api/voice-coach/sessions/019ed8d1-8302-472b-b69a-a5a47e22853f/events?cursor=7258&timeout_ms=1200 200 in 925ms (compile: 6ms, render: 919ms)
[voice-coach.build] {"trace_id":"ca251264-d544-498c-a640-9ea66431f57a","client_build":"bench-1771817273936","server_build":"dev","method":"POST","route":"_api_voice-coach_sessions","executor":"unknown","ts":"2026-02-23T03:27:54.997Z"}
 POST /api/voice-coach/sessions 200 in 1549ms (compile: 3ms, render: 1546ms)
[voice-coach.build] {"trace_id":"87962f82-f598-40d1-99a5-4a02e26d93b7","client_build":"bench-1771817273936","server_build":"dev","method":"POST","route":"_api_voice-coach_sessions_e0fcaab8-f326-421d-a9b8-a57073941b3f_beautician-turn_submit","executor":"unknown","ts":"2026-02-23T03:27:58.041Z"}
 POST /api/voice-coach/sessions/e0fcaab8-f326-421d-a9b8-a57073941b3f/beautician-turn/submit 200 in 4.8s (compile: 7ms, render: 4.8s)
[voice-coach.build] {"trace_id":"c546ddd1-77ff-4534-ba0c-27d8bbd3c3a1","client_build":"bench-1771817273936","server_build":"dev","method":"GET","route":"_api_voice-coach_sessions_e0fcaab8-f326-421d-a9b8-a57073941b3f_events","executor":"unknown","ts":"2026-02-23T03:28:02.896Z"}
 GET /api/voice-coach/sessions/e0fcaab8-f326-421d-a9b8-a57073941b3f/events?cursor=7260&timeout_ms=1200 200 in 1955ms (compile: 6ms, render: 1949ms)
[voice-coach.build] {"trace_id":"6f74a7a8-0ed1-4d95-ba24-1df4460dec14","client_build":"bench-1771817273936","server_build":"dev","method":"GET","route":"_api_voice-coach_sessions_e0fcaab8-f326-421d-a9b8-a57073941b3f_events","executor":"unknown","ts":"2026-02-23T03:28:04.859Z"}
 GET /api/voice-coach/sessions/e0fcaab8-f326-421d-a9b8-a57073941b3f/events?cursor=7260&timeout_ms=1200 200 in 1494ms (compile: 6ms, render: 1488ms)
[voice-coach.build] {"trace_id":"70de85a8-b942-45ae-ac95-1a0690b6e9a2","client_build":"bench-1771817273936","server_build":"dev","method":"GET","route":"_api_voice-coach_sessions_e0fcaab8-f326-421d-a9b8-a57073941b3f_events","executor":"unknown","ts":"2026-02-23T03:28:06.358Z"}
 GET /api/voice-coach/sessions/e0fcaab8-f326-421d-a9b8-a57073941b3f/events?cursor=7261&timeout_ms=1200 200 in 910ms (compile: 5ms, render: 904ms)
[voice-coach.build] {"trace_id":"c3ad7a1d-87ff-4640-b27f-0a4e5d28fd82","client_build":"bench-1771817273936","server_build":"dev","method":"GET","route":"_api_voice-coach_sessions_e0fcaab8-f326-421d-a9b8-a57073941b3f_events","executor":"unknown","ts":"2026-02-23T03:28:07.275Z"}
 GET /api/voice-coach/sessions/e0fcaab8-f326-421d-a9b8-a57073941b3f/events?cursor=7262&timeout_ms=1200 200 in 909ms (compile: 6ms, render: 903ms)
[voice-coach.build] {"trace_id":"da52bf68-c090-4645-aece-e0e278f2cc98","client_build":"bench-1771817273936","server_build":"dev","method":"POST","route":"_api_voice-coach_sessions_e0fcaab8-f326-421d-a9b8-a57073941b3f_beautician-turn_submit","executor":"unknown","ts":"2026-02-23T03:28:09.660Z"}
 POST /api/voice-coach/sessions/e0fcaab8-f326-421d-a9b8-a57073941b3f/beautician-turn/submit 200 in 5.4s (compile: 7ms, render: 5.4s)
[voice-coach.build] {"trace_id":"3f1b43c5-e5fa-46b1-86e9-d17cb31da608","client_build":"bench-1771817273936","server_build":"dev","method":"GET","route":"_api_voice-coach_sessions_e0fcaab8-f326-421d-a9b8-a57073941b3f_events","executor":"unknown","ts":"2026-02-23T03:28:15.037Z"}
 GET /api/voice-coach/sessions/e0fcaab8-f326-421d-a9b8-a57073941b3f/events?cursor=7264&timeout_ms=1200 200 in 1882ms (compile: 6ms, render: 1877ms)
[voice-coach.build] {"trace_id":"506be888-887a-4915-90af-5c8211dd3da4","client_build":"bench-1771817273936","server_build":"dev","method":"GET","route":"_api_voice-coach_sessions_e0fcaab8-f326-421d-a9b8-a57073941b3f_events","executor":"unknown","ts":"2026-02-23T03:28:16.928Z"}
 GET /api/voice-coach/sessions/e0fcaab8-f326-421d-a9b8-a57073941b3f/events?cursor=7264&timeout_ms=1200 200 in 915ms (compile: 6ms, render: 909ms)
[voice-coach.build] {"trace_id":"8d9f25ff-659e-4310-a296-e81ee6c850c8","client_build":"bench-1771817273936","server_build":"dev","method":"GET","route":"_api_voice-coach_sessions_e0fcaab8-f326-421d-a9b8-a57073941b3f_events","executor":"unknown","ts":"2026-02-23T03:28:17.849Z"}
 GET /api/voice-coach/sessions/e0fcaab8-f326-421d-a9b8-a57073941b3f/events?cursor=7265&timeout_ms=1200 200 in 1381ms (compile: 6ms, render: 1375ms)
[voice-coach.build] {"trace_id":"bf2bf582-3ea5-4fab-97ee-5147cb30a73a","client_build":"bench-1771817273936","server_build":"dev","method":"GET","route":"_api_voice-coach_sessions_e0fcaab8-f326-421d-a9b8-a57073941b3f_events","executor":"unknown","ts":"2026-02-23T03:28:19.231Z"}
 GET /api/voice-coach/sessions/e0fcaab8-f326-421d-a9b8-a57073941b3f/events?cursor=7266&timeout_ms=1200 200 in 1037ms (compile: 3ms, render: 1033ms)
[voice-coach.build] {"trace_id":"4694b00b-9d47-45cf-a85c-291b00196453","client_build":"bench-1771817273936","server_build":"dev","method":"POST","route":"_api_voice-coach_sessions_e0fcaab8-f326-421d-a9b8-a57073941b3f_beautician-turn_submit","executor":"unknown","ts":"2026-02-23T03:28:22.678Z"}
 POST /api/voice-coach/sessions/e0fcaab8-f326-421d-a9b8-a57073941b3f/beautician-turn/submit 200 in 4.9s (compile: 6ms, render: 4.9s)
[voice-coach.build] {"trace_id":"9df9a7bb-8a27-4bf2-94f4-c25092cc8869","client_build":"bench-1771817273936","server_build":"dev","method":"GET","route":"_api_voice-coach_sessions_e0fcaab8-f326-421d-a9b8-a57073941b3f_events","executor":"unknown","ts":"2026-02-23T03:28:27.588Z"}
 GET /api/voice-coach/sessions/e0fcaab8-f326-421d-a9b8-a57073941b3f/events?cursor=7268&timeout_ms=1200 200 in 1920ms (compile: 5ms, render: 1915ms)
[voice-coach.build] {"trace_id":"2532f9fe-e2cb-4ac6-89d5-7aa1a705e22c","client_build":"bench-1771817273936","server_build":"dev","method":"GET","route":"_api_voice-coach_sessions_e0fcaab8-f326-421d-a9b8-a57073941b3f_events","executor":"unknown","ts":"2026-02-23T03:28:29.515Z"}
 GET /api/voice-coach/sessions/e0fcaab8-f326-421d-a9b8-a57073941b3f/events?cursor=7268&timeout_ms=1200 200 in 892ms (compile: 6ms, render: 886ms)
[voice-coach.build] {"trace_id":"9dc41060-3088-4caa-bbb7-a7ea6554572b","client_build":"bench-1771817273936","server_build":"dev","method":"GET","route":"_api_voice-coach_sessions_e0fcaab8-f326-421d-a9b8-a57073941b3f_events","executor":"unknown","ts":"2026-02-23T03:28:30.411Z"}
 GET /api/voice-coach/sessions/e0fcaab8-f326-421d-a9b8-a57073941b3f/events?cursor=7269&timeout_ms=1200 200 in 1419ms (compile: 6ms, render: 1413ms)
[voice-coach.build] {"trace_id":"3142a48d-87f2-44ff-8c7b-62e332942fa4","client_build":"bench-1771817273936","server_build":"dev","method":"GET","route":"_api_voice-coach_sessions_e0fcaab8-f326-421d-a9b8-a57073941b3f_events","executor":"unknown","ts":"2026-02-23T03:28:31.836Z"}
 GET /api/voice-coach/sessions/e0fcaab8-f326-421d-a9b8-a57073941b3f/events?cursor=7270&timeout_ms=1200 200 in 909ms (compile: 6ms, render: 903ms)
[voice-coach.build] {"trace_id":"7afe8ac4-ba7c-4d2e-b3d5-318fc3e77937","client_build":"bench-1771817312798","server_build":"dev","method":"POST","route":"_api_voice-coach_sessions","executor":"unknown","ts":"2026-02-23T03:28:33.741Z"}
 POST /api/voice-coach/sessions 200 in 1693ms (compile: 4ms, render: 1689ms)
[voice-coach.build] {"trace_id":"9a78e081-42ec-4391-bce9-16ed5fe09382","client_build":"bench-1771817312798","server_build":"dev","method":"POST","route":"_api_voice-coach_sessions_659b14c4-edac-49f6-89ef-809ca40cc1c9_beautician-turn_submit","executor":"unknown","ts":"2026-02-23T03:28:36.895Z"}
 POST /api/voice-coach/sessions/659b14c4-edac-49f6-89ef-809ca40cc1c9/beautician-turn/submit 200 in 5.2s (compile: 6ms, render: 5.2s)
[voice-coach.build] {"trace_id":"7463e620-e0f1-413a-933c-6af841408e77","client_build":"bench-1771817312798","server_build":"dev","method":"GET","route":"_api_voice-coach_sessions_659b14c4-edac-49f6-89ef-809ca40cc1c9_events","executor":"unknown","ts":"2026-02-23T03:28:42.152Z"}
 GET /api/voice-coach/sessions/659b14c4-edac-49f6-89ef-809ca40cc1c9/events?cursor=7272&timeout_ms=1200 200 in 1893ms (compile: 6ms, render: 1887ms)
[voice-coach.build] {"trace_id":"9c7ff865-fead-4f49-9148-c079451a5f4a","client_build":"bench-1771817312798","server_build":"dev","method":"GET","route":"_api_voice-coach_sessions_659b14c4-edac-49f6-89ef-809ca40cc1c9_events","executor":"unknown","ts":"2026-02-23T03:28:44.052Z"}
 GET /api/voice-coach/sessions/659b14c4-edac-49f6-89ef-809ca40cc1c9/events?cursor=7272&timeout_ms=1200 200 in 923ms (compile: 6ms, render: 917ms)
[voice-coach.build] {"trace_id":"b7c60ef1-3147-42fc-80fa-a7cb0c3c5827","client_build":"bench-1771817312798","server_build":"dev","method":"GET","route":"_api_voice-coach_sessions_659b14c4-edac-49f6-89ef-809ca40cc1c9_events","executor":"unknown","ts":"2026-02-23T03:28:44.979Z"}
 GET /api/voice-coach/sessions/659b14c4-edac-49f6-89ef-809ca40cc1c9/events?cursor=7273&timeout_ms=1200 200 in 888ms (compile: 6ms, render: 882ms)
[voice-coach.build] {"trace_id":"d288afd3-cd49-4e2d-aa4a-4a38717be2ca","client_build":"bench-1771817312798","server_build":"dev","method":"GET","route":"_api_voice-coach_sessions_659b14c4-edac-49f6-89ef-809ca40cc1c9_events","executor":"unknown","ts":"2026-02-23T03:28:45.874Z"}
 GET /api/voice-coach/sessions/659b14c4-edac-49f6-89ef-809ca40cc1c9/events?cursor=7274&timeout_ms=1200 200 in 912ms (compile: 5ms, render: 907ms)
[voice-coach.build] {"trace_id":"b1cd4a31-09e7-4e2b-82ec-06180efb6722","client_build":"bench-1771817312798","server_build":"dev","method":"POST","route":"_api_voice-coach_sessions_659b14c4-edac-49f6-89ef-809ca40cc1c9_beautician-turn_submit","executor":"unknown","ts":"2026-02-23T03:28:48.345Z"}
 POST /api/voice-coach/sessions/659b14c4-edac-49f6-89ef-809ca40cc1c9/beautician-turn/submit 200 in 5.4s (compile: 5ms, render: 5.4s)
[voice-coach.build] {"trace_id":"7c7a0073-44ec-4dc4-ae36-ef7508b183ea","client_build":"bench-1771817312798","server_build":"dev","method":"GET","route":"_api_voice-coach_sessions_659b14c4-edac-49f6-89ef-809ca40cc1c9_events","executor":"unknown","ts":"2026-02-23T03:28:53.789Z"}
 GET /api/voice-coach/sessions/659b14c4-edac-49f6-89ef-809ca40cc1c9/events?cursor=7276&timeout_ms=1200 200 in 1902ms (compile: 5ms, render: 1896ms)
[voice-coach.build] {"trace_id":"a189c0f1-e9ef-48f7-98a6-f6c6d2aa68e1","client_build":"bench-1771817312798","server_build":"dev","method":"GET","route":"_api_voice-coach_sessions_659b14c4-edac-49f6-89ef-809ca40cc1c9_events","executor":"unknown","ts":"2026-02-23T03:28:55.698Z"}
 GET /api/voice-coach/sessions/659b14c4-edac-49f6-89ef-809ca40cc1c9/events?cursor=7276&timeout_ms=1200 200 in 1379ms (compile: 7ms, render: 1372ms)
[voice-coach.build] {"trace_id":"1feee21c-5335-417d-bbc1-435a1c67e266","client_build":"bench-1771817312798","server_build":"dev","method":"GET","route":"_api_voice-coach_sessions_659b14c4-edac-49f6-89ef-809ca40cc1c9_events","executor":"unknown","ts":"2026-02-23T03:28:57.084Z"}
 GET /api/voice-coach/sessions/659b14c4-edac-49f6-89ef-809ca40cc1c9/events?cursor=7277&timeout_ms=1200 200 in 901ms (compile: 8ms, render: 893ms)
[voice-coach.build] {"trace_id":"409f9bc8-4777-4b05-8129-3556bd377f49","client_build":"bench-1771817312798","server_build":"dev","method":"GET","route":"_api_voice-coach_sessions_659b14c4-edac-49f6-89ef-809ca40cc1c9_events","executor":"unknown","ts":"2026-02-23T03:28:57.986Z"}
 GET /api/voice-coach/sessions/659b14c4-edac-49f6-89ef-809ca40cc1c9/events?cursor=7278&timeout_ms=1200 200 in 915ms (compile: 6ms, render: 909ms)
[voice-coach.build] {"trace_id":"a8606cb4-7afa-49e9-a06c-452aca3bd1d1","client_build":"bench-1771817312798","server_build":"dev","method":"POST","route":"_api_voice-coach_sessions_659b14c4-edac-49f6-89ef-809ca40cc1c9_beautician-turn_submit","executor":"unknown","ts":"2026-02-23T03:29:00.334Z"}
 POST /api/voice-coach/sessions/659b14c4-edac-49f6-89ef-809ca40cc1c9/beautician-turn/submit 200 in 5.4s (compile: 5ms, render: 5.4s)
[voice-coach.build] {"trace_id":"32aff2ab-171a-455d-bb54-c87d775fd693","client_build":"bench-1771817312798","server_build":"dev","method":"GET","route":"_api_voice-coach_sessions_659b14c4-edac-49f6-89ef-809ca40cc1c9_events","executor":"unknown","ts":"2026-02-23T03:29:05.721Z"}
 GET /api/voice-coach/sessions/659b14c4-edac-49f6-89ef-809ca40cc1c9/events?cursor=7280&timeout_ms=1200 200 in 1876ms (compile: 6ms, render: 1870ms)
[voice-coach.build] {"trace_id":"b5bee1a8-3cf0-42e9-a849-995ef110d318","client_build":"bench-1771817312798","server_build":"dev","method":"GET","route":"_api_voice-coach_sessions_659b14c4-edac-49f6-89ef-809ca40cc1c9_events","executor":"unknown","ts":"2026-02-23T03:29:07.603Z"}
 GET /api/voice-coach/sessions/659b14c4-edac-49f6-89ef-809ca40cc1c9/events?cursor=7280&timeout_ms=1200 200 in 932ms (compile: 7ms, render: 925ms)
[voice-coach.build] {"trace_id":"71e6442d-60af-47bd-a85a-ed41c82409cf","client_build":"bench-1771817312798","server_build":"dev","method":"GET","route":"_api_voice-coach_sessions_659b14c4-edac-49f6-89ef-809ca40cc1c9_events","executor":"unknown","ts":"2026-02-23T03:29:08.539Z"}
 GET /api/voice-coach/sessions/659b14c4-edac-49f6-89ef-809ca40cc1c9/events?cursor=7281&timeout_ms=1200 200 in 1405ms (compile: 6ms, render: 1399ms)
[voice-coach.build] {"trace_id":"19704799-0ada-4e94-a3e3-a2d76304d16b","client_build":"bench-1771817312798","server_build":"dev","method":"GET","route":"_api_voice-coach_sessions_659b14c4-edac-49f6-89ef-809ca40cc1c9_events","executor":"unknown","ts":"2026-02-23T03:29:09.949Z"}
 GET /api/voice-coach/sessions/659b14c4-edac-49f6-89ef-809ca40cc1c9/events?cursor=7282&timeout_ms=1200 200 in 915ms (compile: 5ms, render: 910ms)
[voice-coach.build] {"trace_id":"63d5c320-5a67-4766-8337-d520e7537303","client_build":"bench-1771817350918","server_build":"dev","method":"POST","route":"_api_voice-coach_sessions","executor":"unknown","ts":"2026-02-23T03:29:11.889Z"}
 POST /api/voice-coach/sessions 200 in 1548ms (compile: 3ms, render: 1545ms)
[voice-coach.build] {"trace_id":"c6e22404-f8c3-46c0-a138-29977b158b48","client_build":"bench-1771817350918","server_build":"dev","method":"POST","route":"_api_voice-coach_sessions_a4cb0b57-3061-4853-8f42-76eeadf1a247_beautician-turn_submit","executor":"unknown","ts":"2026-02-23T03:29:14.871Z"}
 POST /api/voice-coach/sessions/a4cb0b57-3061-4853-8f42-76eeadf1a247/beautician-turn/submit 200 in 5.7s (compile: 5ms, render: 5.7s)
[voice-coach.build] {"trace_id":"f78908ea-cad7-4787-8dd2-4a14b7e5affb","client_build":"bench-1771817350918","server_build":"dev","method":"GET","route":"_api_voice-coach_sessions_a4cb0b57-3061-4853-8f42-76eeadf1a247_events","executor":"unknown","ts":"2026-02-23T03:29:20.588Z"}
 GET /api/voice-coach/sessions/a4cb0b57-3061-4853-8f42-76eeadf1a247/events?cursor=7284&timeout_ms=1200 200 in 1901ms (compile: 6ms, render: 1895ms)
[voice-coach.build] {"trace_id":"9be7b9b0-843a-4833-a3ce-ceb77bd2cff7","client_build":"bench-1771817350918","server_build":"dev","method":"GET","route":"_api_voice-coach_sessions_a4cb0b57-3061-4853-8f42-76eeadf1a247_events","executor":"unknown","ts":"2026-02-23T03:29:22.495Z"}
 GET /api/voice-coach/sessions/a4cb0b57-3061-4853-8f42-76eeadf1a247/events?cursor=7284&timeout_ms=1200 200 in 897ms (compile: 6ms, render: 892ms)
[voice-coach.build] {"trace_id":"3c35db89-8063-413e-b2e5-9e1a3a4942b2","client_build":"bench-1771817350918","server_build":"dev","method":"GET","route":"_api_voice-coach_sessions_a4cb0b57-3061-4853-8f42-76eeadf1a247_events","executor":"unknown","ts":"2026-02-23T03:29:23.398Z"}
 GET /api/voice-coach/sessions/a4cb0b57-3061-4853-8f42-76eeadf1a247/events?cursor=7285&timeout_ms=1200 200 in 1458ms (compile: 5ms, render: 1452ms)
[voice-coach.build] {"trace_id":"bb14c4b5-a112-4d5a-9b59-9be09a5dea77","client_build":"bench-1771817350918","server_build":"dev","method":"GET","route":"_api_voice-coach_sessions_a4cb0b57-3061-4853-8f42-76eeadf1a247_events","executor":"unknown","ts":"2026-02-23T03:29:24.863Z"}
 GET /api/voice-coach/sessions/a4cb0b57-3061-4853-8f42-76eeadf1a247/events?cursor=7286&timeout_ms=1200 200 in 914ms (compile: 7ms, render: 908ms)
[voice-coach.build] {"trace_id":"5f86b123-3aa7-41ec-a4b9-e9dcaf2a1a25","client_build":"bench-1771817350918","server_build":"dev","method":"POST","route":"_api_voice-coach_sessions_a4cb0b57-3061-4853-8f42-76eeadf1a247_beautician-turn_submit","executor":"unknown","ts":"2026-02-23T03:29:27.342Z"}
 POST /api/voice-coach/sessions/a4cb0b57-3061-4853-8f42-76eeadf1a247/beautician-turn/submit 200 in 6.0s (compile: 5ms, render: 6.0s)
[voice-coach.build] {"trace_id":"9096b226-ad79-43b7-be78-a30ac30e1999","client_build":"bench-1771817350918","server_build":"dev","method":"GET","route":"_api_voice-coach_sessions_a4cb0b57-3061-4853-8f42-76eeadf1a247_events","executor":"unknown","ts":"2026-02-23T03:29:33.367Z"}
 GET /api/voice-coach/sessions/a4cb0b57-3061-4853-8f42-76eeadf1a247/events?cursor=7288&timeout_ms=1200 200 in 1872ms (compile: 5ms, render: 1867ms)
[voice-coach.build] {"trace_id":"19d7b6b6-b117-4536-ae3d-5664d81d9d32","client_build":"bench-1771817350918","server_build":"dev","method":"GET","route":"_api_voice-coach_sessions_a4cb0b57-3061-4853-8f42-76eeadf1a247_events","executor":"unknown","ts":"2026-02-23T03:29:35.248Z"}
 GET /api/voice-coach/sessions/a4cb0b57-3061-4853-8f42-76eeadf1a247/events?cursor=7288&timeout_ms=1200 200 in 921ms (compile: 7ms, render: 914ms)
[voice-coach.build] {"trace_id":"b0ba5f36-a1ca-42e4-8f4a-f195e23ea3d7","client_build":"bench-1771817350918","server_build":"dev","method":"GET","route":"_api_voice-coach_sessions_a4cb0b57-3061-4853-8f42-76eeadf1a247_events","executor":"unknown","ts":"2026-02-23T03:29:36.171Z"}
 GET /api/voice-coach/sessions/a4cb0b57-3061-4853-8f42-76eeadf1a247/events?cursor=7289&timeout_ms=1200 200 in 1403ms (compile: 5ms, render: 1398ms)
[voice-coach.build] {"trace_id":"191ceff8-f453-4294-ba75-75a0a9108c43","client_build":"bench-1771817350918","server_build":"dev","method":"GET","route":"_api_voice-coach_sessions_a4cb0b57-3061-4853-8f42-76eeadf1a247_events","executor":"unknown","ts":"2026-02-23T03:29:37.581Z"}
 GET /api/voice-coach/sessions/a4cb0b57-3061-4853-8f42-76eeadf1a247/events?cursor=7290&timeout_ms=1200 200 in 942ms (compile: 5ms, render: 937ms)
[voice-coach.build] {"trace_id":"26ca7b54-af81-48a9-aea7-5547a5f6bb67","client_build":"bench-1771817350918","server_build":"dev","method":"POST","route":"_api_voice-coach_sessions_a4cb0b57-3061-4853-8f42-76eeadf1a247_beautician-turn_submit","executor":"unknown","ts":"2026-02-23T03:29:39.962Z"}
 POST /api/voice-coach/sessions/a4cb0b57-3061-4853-8f42-76eeadf1a247/beautician-turn/submit 200 in 5.3s (compile: 5ms, render: 5.3s)
[voice-coach.build] {"trace_id":"f8957040-2e97-4d81-961a-822eaabd9bca","client_build":"bench-1771817350918","server_build":"dev","method":"GET","route":"_api_voice-coach_sessions_a4cb0b57-3061-4853-8f42-76eeadf1a247_events","executor":"unknown","ts":"2026-02-23T03:29:45.298Z"}
 GET /api/voice-coach/sessions/a4cb0b57-3061-4853-8f42-76eeadf1a247/events?cursor=7292&timeout_ms=1200 200 in 1979ms (compile: 6ms, render: 1974ms)
[voice-coach.build] {"trace_id":"1a9e7e46-9119-4e7b-8240-be3be8f13298","client_build":"bench-1771817350918","server_build":"dev","method":"GET","route":"_api_voice-coach_sessions_a4cb0b57-3061-4853-8f42-76eeadf1a247_events","executor":"unknown","ts":"2026-02-23T03:29:47.282Z"}
 GET /api/voice-coach/sessions/a4cb0b57-3061-4853-8f42-76eeadf1a247/events?cursor=7292&timeout_ms=1200 200 in 926ms (compile: 6ms, render: 920ms)
[voice-coach.build] {"trace_id":"4ac0fe3c-8f9c-497f-bd7e-e2f3096c7bbf","client_build":"bench-1771817350918","server_build":"dev","method":"GET","route":"_api_voice-coach_sessions_a4cb0b57-3061-4853-8f42-76eeadf1a247_events","executor":"unknown","ts":"2026-02-23T03:29:48.215Z"}
 GET /api/voice-coach/sessions/a4cb0b57-3061-4853-8f42-76eeadf1a247/events?cursor=7293&timeout_ms=1200 200 in 1390ms (compile: 5ms, render: 1385ms)
[voice-coach.build] {"trace_id":"49755061-2b22-4149-b6d3-7ff6c19deaeb","client_build":"bench-1771817350918","server_build":"dev","method":"GET","route":"_api_voice-coach_sessions_a4cb0b57-3061-4853-8f42-76eeadf1a247_events","executor":"unknown","ts":"2026-02-23T03:29:49.609Z"}
 GET /api/voice-coach/sessions/a4cb0b57-3061-4853-8f42-76eeadf1a247/events?cursor=7294&timeout_ms=1200 200 in 899ms (compile: 6ms, render: 894ms)
[voice-coach.build] {"trace_id":"b6e31bf2-7640-4c05-862d-f354dca3aa6f","client_build":"bench-1771817390562","server_build":"dev","method":"POST","route":"_api_voice-coach_sessions","executor":"unknown","ts":"2026-02-23T03:29:51.650Z"}
 POST /api/voice-coach/sessions 200 in 1554ms (compile: 3ms, render: 1551ms)
[voice-coach.build] {"trace_id":"698b2343-df1b-4398-a45b-d062f06d8877","client_build":"bench-1771817390562","server_build":"dev","method":"POST","route":"_api_voice-coach_sessions_d833210b-ca4a-4abd-b7ed-ba6424fe74d2_beautician-turn_submit","executor":"unknown","ts":"2026-02-23T03:29:54.649Z"}
 POST /api/voice-coach/sessions/d833210b-ca4a-4abd-b7ed-ba6424fe74d2/beautician-turn/submit 200 in 5.8s (compile: 7ms, render: 5.8s)
[voice-coach.build] {"trace_id":"ab8aaaa9-c5ea-4838-80a8-074b4d872ec2","client_build":"bench-1771817390562","server_build":"dev","method":"GET","route":"_api_voice-coach_sessions_d833210b-ca4a-4abd-b7ed-ba6424fe74d2_events","executor":"unknown","ts":"2026-02-23T03:30:00.471Z"}
 GET /api/voice-coach/sessions/d833210b-ca4a-4abd-b7ed-ba6424fe74d2/events?cursor=7296&timeout_ms=1200 200 in 1919ms (compile: 6ms, render: 1913ms)
[voice-coach.build] {"trace_id":"3c7313a3-70f6-4b32-b846-bbc3c0a64be5","client_build":"bench-1771817390562","server_build":"dev","method":"GET","route":"_api_voice-coach_sessions_d833210b-ca4a-4abd-b7ed-ba6424fe74d2_events","executor":"unknown","ts":"2026-02-23T03:30:02.395Z"}
 GET /api/voice-coach/sessions/d833210b-ca4a-4abd-b7ed-ba6424fe74d2/events?cursor=7296&timeout_ms=1200 200 in 1397ms (compile: 6ms, render: 1392ms)
[voice-coach.build] {"trace_id":"d20988f7-ca27-4cf2-8ac6-c56b65f2f5f4","client_build":"bench-1771817390562","server_build":"dev","method":"GET","route":"_api_voice-coach_sessions_d833210b-ca4a-4abd-b7ed-ba6424fe74d2_events","executor":"unknown","ts":"2026-02-23T03:30:03.797Z"}
 GET /api/voice-coach/sessions/d833210b-ca4a-4abd-b7ed-ba6424fe74d2/events?cursor=7297&timeout_ms=1200 200 in 903ms (compile: 5ms, render: 898ms)
[voice-coach.build] {"trace_id":"0bc288fb-0a02-4d9a-9d24-41120b86e0a9","client_build":"bench-1771817390562","server_build":"dev","method":"GET","route":"_api_voice-coach_sessions_d833210b-ca4a-4abd-b7ed-ba6424fe74d2_events","executor":"unknown","ts":"2026-02-23T03:30:04.706Z"}
 GET /api/voice-coach/sessions/d833210b-ca4a-4abd-b7ed-ba6424fe74d2/events?cursor=7298&timeout_ms=1200 200 in 916ms (compile: 6ms, render: 910ms)
[voice-coach.build] {"trace_id":"a658a9c7-5e41-41d7-8461-906266ab73eb","client_build":"bench-1771817390562","server_build":"dev","method":"POST","route":"_api_voice-coach_sessions_d833210b-ca4a-4abd-b7ed-ba6424fe74d2_beautician-turn_submit","executor":"unknown","ts":"2026-02-23T03:30:07.219Z"}
 POST /api/voice-coach/sessions/d833210b-ca4a-4abd-b7ed-ba6424fe74d2/beautician-turn/submit 200 in 6.5s (compile: 5ms, render: 6.5s)
[voice-coach.build] {"trace_id":"b135e9d3-4b26-4426-8cca-926b8559fc1d","client_build":"bench-1771817390562","server_build":"dev","method":"GET","route":"_api_voice-coach_sessions_d833210b-ca4a-4abd-b7ed-ba6424fe74d2_events","executor":"unknown","ts":"2026-02-23T03:30:13.682Z"}
 GET /api/voice-coach/sessions/d833210b-ca4a-4abd-b7ed-ba6424fe74d2/events?cursor=7300&timeout_ms=1200 200 in 1866ms (compile: 3ms, render: 1863ms)
[voice-coach.build] {"trace_id":"c8b81d3f-bead-427c-bc22-6532ffb5c06d","client_build":"bench-1771817390562","server_build":"dev","method":"GET","route":"_api_voice-coach_sessions_d833210b-ca4a-4abd-b7ed-ba6424fe74d2_events","executor":"unknown","ts":"2026-02-23T03:30:15.559Z"}
 GET /api/voice-coach/sessions/d833210b-ca4a-4abd-b7ed-ba6424fe74d2/events?cursor=7300&timeout_ms=1200 200 in 906ms (compile: 5ms, render: 901ms)
[voice-coach.build] {"trace_id":"c50b7478-923d-414a-99b0-e3599f97f4d9","client_build":"bench-1771817390562","server_build":"dev","method":"GET","route":"_api_voice-coach_sessions_d833210b-ca4a-4abd-b7ed-ba6424fe74d2_events","executor":"unknown","ts":"2026-02-23T03:30:16.470Z"}
 GET /api/voice-coach/sessions/d833210b-ca4a-4abd-b7ed-ba6424fe74d2/events?cursor=7301&timeout_ms=1200 200 in 1390ms (compile: 6ms, render: 1385ms)
[voice-coach.build] {"trace_id":"eb83cee7-f0b9-4cd7-923f-e7788a9b6ece","client_build":"bench-1771817390562","server_build":"dev","method":"GET","route":"_api_voice-coach_sessions_d833210b-ca4a-4abd-b7ed-ba6424fe74d2_events","executor":"unknown","ts":"2026-02-23T03:30:17.867Z"}
 GET /api/voice-coach/sessions/d833210b-ca4a-4abd-b7ed-ba6424fe74d2/events?cursor=7302&timeout_ms=1200 200 in 918ms (compile: 6ms, render: 912ms)
[voice-coach.build] {"trace_id":"16d4f366-c6f2-463d-ab8f-810b5da68424","client_build":"bench-1771817390562","server_build":"dev","method":"POST","route":"_api_voice-coach_sessions_d833210b-ca4a-4abd-b7ed-ba6424fe74d2_beautician-turn_submit","executor":"unknown","ts":"2026-02-23T03:30:20.182Z"}
 POST /api/voice-coach/sessions/d833210b-ca4a-4abd-b7ed-ba6424fe74d2/beautician-turn/submit 200 in 5.4s (compile: 7ms, render: 5.4s)
[voice-coach.build] {"trace_id":"0a2ada4d-3f98-427e-9093-9a15cb611194","client_build":"bench-1771817390562","server_build":"dev","method":"GET","route":"_api_voice-coach_sessions_d833210b-ca4a-4abd-b7ed-ba6424fe74d2_events","executor":"unknown","ts":"2026-02-23T03:30:25.616Z"}
 GET /api/voice-coach/sessions/d833210b-ca4a-4abd-b7ed-ba6424fe74d2/events?cursor=7304&timeout_ms=1200 200 in 1868ms (compile: 5ms, render: 1863ms)
[voice-coach.build] {"trace_id":"8305ef48-c537-4196-8b38-51caf89a38ff","client_build":"bench-1771817390562","server_build":"dev","method":"GET","route":"_api_voice-coach_sessions_d833210b-ca4a-4abd-b7ed-ba6424fe74d2_events","executor":"unknown","ts":"2026-02-23T03:30:27.492Z"}
 GET /api/voice-coach/sessions/d833210b-ca4a-4abd-b7ed-ba6424fe74d2/events?cursor=7304&timeout_ms=1200 200 in 904ms (compile: 5ms, render: 898ms)
[voice-coach.build] {"trace_id":"7150d9eb-a3ab-41f4-b312-f57f9e29c161","client_build":"bench-1771817390562","server_build":"dev","method":"GET","route":"_api_voice-coach_sessions_d833210b-ca4a-4abd-b7ed-ba6424fe74d2_events","executor":"unknown","ts":"2026-02-23T03:30:28.401Z"}
 GET /api/voice-coach/sessions/d833210b-ca4a-4abd-b7ed-ba6424fe74d2/events?cursor=7305&timeout_ms=1200 200 in 1028ms (compile: 6ms, render: 1022ms)
[voice-coach.build] {"trace_id":"b851553a-2ecc-4acb-bd46-6e5ff5c5a6e8","client_build":"bench-1771817390562","server_build":"dev","method":"GET","route":"_api_voice-coach_sessions_d833210b-ca4a-4abd-b7ed-ba6424fe74d2_events","executor":"unknown","ts":"2026-02-23T03:30:29.433Z"}
 GET /api/voice-coach/sessions/d833210b-ca4a-4abd-b7ed-ba6424fe74d2/events?cursor=7306&timeout_ms=1200 200 in 907ms (compile: 6ms, render: 901ms)
[voice-coach.build] {"trace_id":"270a1d01-1e0e-4f2d-af89-e05c13cd349a","client_build":"bench-1771817430393","server_build":"dev","method":"POST","route":"_api_voice-coach_sessions","executor":"unknown","ts":"2026-02-23T03:30:31.379Z"}
 POST /api/voice-coach/sessions 200 in 1628ms (compile: 3ms, render: 1625ms)
[voice-coach.build] {"trace_id":"23b0cdc1-4559-422e-bc3d-8829afd2160c","client_build":"bench-1771817430393","server_build":"dev","method":"POST","route":"_api_voice-coach_sessions_fde8de77-6637-4de5-83ac-9ed4c740268a_beautician-turn_submit","executor":"unknown","ts":"2026-02-23T03:30:34.417Z"}
 POST /api/voice-coach/sessions/fde8de77-6637-4de5-83ac-9ed4c740268a/beautician-turn/submit 200 in 5.6s (compile: 6ms, render: 5.6s)
[voice-coach.build] {"trace_id":"5f65906f-2f4e-4975-8627-4d230cb1fdaf","client_build":"bench-1771817430393","server_build":"dev","method":"GET","route":"_api_voice-coach_sessions_fde8de77-6637-4de5-83ac-9ed4c740268a_events","executor":"unknown","ts":"2026-02-23T03:30:40.030Z"}
 GET /api/voice-coach/sessions/fde8de77-6637-4de5-83ac-9ed4c740268a/events?cursor=7308&timeout_ms=1200 200 in 1894ms (compile: 5ms, render: 1889ms)
[voice-coach.build] {"trace_id":"869d02f3-3a43-4231-a229-5ca355c9fc79","client_build":"bench-1771817430393","server_build":"dev","method":"GET","route":"_api_voice-coach_sessions_fde8de77-6637-4de5-83ac-9ed4c740268a_events","executor":"unknown","ts":"2026-02-23T03:30:41.932Z"}
 GET /api/voice-coach/sessions/fde8de77-6637-4de5-83ac-9ed4c740268a/events?cursor=7308&timeout_ms=1200 200 in 1021ms (compile: 6ms, render: 1016ms)
[voice-coach.build] {"trace_id":"51116284-1640-41c8-899f-c7dae7a70788","client_build":"bench-1771817430393","server_build":"dev","method":"GET","route":"_api_voice-coach_sessions_fde8de77-6637-4de5-83ac-9ed4c740268a_events","executor":"unknown","ts":"2026-02-23T03:30:42.963Z"}
 GET /api/voice-coach/sessions/fde8de77-6637-4de5-83ac-9ed4c740268a/events?cursor=7309&timeout_ms=1200 200 in 1011ms (compile: 8ms, render: 1003ms)
[voice-coach.build] {"trace_id":"0e07188b-220a-479b-ad30-fdd78985ef8f","client_build":"bench-1771817430393","server_build":"dev","method":"GET","route":"_api_voice-coach_sessions_fde8de77-6637-4de5-83ac-9ed4c740268a_events","executor":"unknown","ts":"2026-02-23T03:30:43.978Z"}
 GET /api/voice-coach/sessions/fde8de77-6637-4de5-83ac-9ed4c740268a/events?cursor=7310&timeout_ms=1200 200 in 919ms (compile: 5ms, render: 914ms)
[voice-coach.build] {"trace_id":"bc399b5d-9550-4965-b1c4-780acd96bd23","client_build":"bench-1771817430393","server_build":"dev","method":"POST","route":"_api_voice-coach_sessions_fde8de77-6637-4de5-83ac-9ed4c740268a_beautician-turn_submit","executor":"unknown","ts":"2026-02-23T03:30:46.603Z"}
 POST /api/voice-coach/sessions/fde8de77-6637-4de5-83ac-9ed4c740268a/beautician-turn/submit 200 in 5.3s (compile: 7ms, render: 5.3s)
[voice-coach.build] {"trace_id":"d854c2dc-8e5e-4970-b059-b6e37c60b0e5","client_build":"bench-1771817430393","server_build":"dev","method":"GET","route":"_api_voice-coach_sessions_fde8de77-6637-4de5-83ac-9ed4c740268a_events","executor":"unknown","ts":"2026-02-23T03:30:51.910Z"}
 GET /api/voice-coach/sessions/fde8de77-6637-4de5-83ac-9ed4c740268a/events?cursor=7312&timeout_ms=1200 200 in 1963ms (compile: 6ms, render: 1957ms)
[voice-coach.build] {"trace_id":"0ce74534-e947-4629-85be-f3f4e96cf892","client_build":"bench-1771817430393","server_build":"dev","method":"GET","route":"_api_voice-coach_sessions_fde8de77-6637-4de5-83ac-9ed4c740268a_events","executor":"unknown","ts":"2026-02-23T03:30:53.880Z"}
 GET /api/voice-coach/sessions/fde8de77-6637-4de5-83ac-9ed4c740268a/events?cursor=7312&timeout_ms=1200 200 in 936ms (compile: 7ms, render: 929ms)
[voice-coach.build] {"trace_id":"cd9ed677-d4c0-4ff6-b231-04216fac9d76","client_build":"bench-1771817430393","server_build":"dev","method":"GET","route":"_api_voice-coach_sessions_fde8de77-6637-4de5-83ac-9ed4c740268a_events","executor":"unknown","ts":"2026-02-23T03:30:54.819Z"}
 GET /api/voice-coach/sessions/fde8de77-6637-4de5-83ac-9ed4c740268a/events?cursor=7313&timeout_ms=1200 200 in 928ms (compile: 5ms, render: 923ms)
[voice-coach.build] {"trace_id":"0a4fd8b8-72b4-497f-b7d5-9bace6546f7f","client_build":"bench-1771817430393","server_build":"dev","method":"GET","route":"_api_voice-coach_sessions_fde8de77-6637-4de5-83ac-9ed4c740268a_events","executor":"unknown","ts":"2026-02-23T03:30:55.753Z"}
 GET /api/voice-coach/sessions/fde8de77-6637-4de5-83ac-9ed4c740268a/events?cursor=7314&timeout_ms=1200 200 in 1023ms (compile: 6ms, render: 1017ms)
[voice-coach.build] {"trace_id":"9ddb9f2b-d69e-4490-a3ea-00b86b1a9427","client_build":"bench-1771817430393","server_build":"dev","method":"POST","route":"_api_voice-coach_sessions_fde8de77-6637-4de5-83ac-9ed4c740268a_beautician-turn_submit","executor":"unknown","ts":"2026-02-23T03:30:58.127Z"}
 POST /api/voice-coach/sessions/fde8de77-6637-4de5-83ac-9ed4c740268a/beautician-turn/submit 200 in 4.9s (compile: 7ms, render: 4.8s)
[voice-coach.build] {"trace_id":"a649c305-f75d-42c8-a3e2-daddaaca0b90","client_build":"bench-1771817430393","server_build":"dev","method":"GET","route":"_api_voice-coach_sessions_fde8de77-6637-4de5-83ac-9ed4c740268a_events","executor":"unknown","ts":"2026-02-23T03:31:02.987Z"}
 GET /api/voice-coach/sessions/fde8de77-6637-4de5-83ac-9ed4c740268a/events?cursor=7316&timeout_ms=1200 200 in 1858ms (compile: 6ms, render: 1853ms)
[voice-coach.build] {"trace_id":"a5378641-8d6e-44a7-b612-32babecb900e","client_build":"bench-1771817430393","server_build":"dev","method":"GET","route":"_api_voice-coach_sessions_fde8de77-6637-4de5-83ac-9ed4c740268a_events","executor":"unknown","ts":"2026-02-23T03:31:04.851Z"}
 GET /api/voice-coach/sessions/fde8de77-6637-4de5-83ac-9ed4c740268a/events?cursor=7316&timeout_ms=1200 200 in 933ms (compile: 6ms, render: 926ms)
[voice-coach.build] {"trace_id":"3afe2c72-6fb1-47eb-8527-14d0be8b2bde","client_build":"bench-1771817430393","server_build":"dev","method":"GET","route":"_api_voice-coach_sessions_fde8de77-6637-4de5-83ac-9ed4c740268a_events","executor":"unknown","ts":"2026-02-23T03:31:05.787Z"}
 GET /api/voice-coach/sessions/fde8de77-6637-4de5-83ac-9ed4c740268a/events?cursor=7317&timeout_ms=1200 200 in 1509ms (compile: 5ms, render: 1504ms)
[voice-coach.build] {"trace_id":"af79198d-4576-4ceb-a439-ae8e40eb22dd","client_build":"bench-1771817430393","server_build":"dev","method":"GET","route":"_api_voice-coach_sessions_fde8de77-6637-4de5-83ac-9ed4c740268a_events","executor":"unknown","ts":"2026-02-23T03:31:07.302Z"}
 GET /api/voice-coach/sessions/fde8de77-6637-4de5-83ac-9ed4c740268a/events?cursor=7318&timeout_ms=1200 200 in 906ms (compile: 6ms, render: 900ms)
[voice-coach.build] {"trace_id":"be57ba5e-c0cf-4824-8eab-21448d73259f","client_build":"bench-1771817468260","server_build":"dev","method":"POST","route":"_api_voice-coach_sessions","executor":"unknown","ts":"2026-02-23T03:31:09.363Z"}
 POST /api/voice-coach/sessions 200 in 1961ms (compile: 2ms, render: 1958ms)
[voice-coach.build] {"trace_id":"e2920c0e-5703-4e75-b98e-856345a1dc64","client_build":"bench-1771817468260","server_build":"dev","method":"POST","route":"_api_voice-coach_sessions_072f60d3-73b6-4b2e-b1af-e6eef4e90197_beautician-turn_submit","executor":"unknown","ts":"2026-02-23T03:31:12.799Z"}
 POST /api/voice-coach/sessions/072f60d3-73b6-4b2e-b1af-e6eef4e90197/beautician-turn/submit 200 in 5.7s (compile: 6ms, render: 5.7s)
[voice-coach.build] {"trace_id":"30006f37-e348-4263-a0ea-f65a724c31d0","client_build":"bench-1771817468260","server_build":"dev","method":"GET","route":"_api_voice-coach_sessions_072f60d3-73b6-4b2e-b1af-e6eef4e90197_events","executor":"unknown","ts":"2026-02-23T03:31:18.544Z"}
 GET /api/voice-coach/sessions/072f60d3-73b6-4b2e-b1af-e6eef4e90197/events?cursor=7320&timeout_ms=1200 200 in 1983ms (compile: 5ms, render: 1978ms)
[voice-coach.build] {"trace_id":"6cb0667f-cec5-4e31-91f1-6ddafa40c232","client_build":"bench-1771817468260","server_build":"dev","method":"GET","route":"_api_voice-coach_sessions_072f60d3-73b6-4b2e-b1af-e6eef4e90197_events","executor":"unknown","ts":"2026-02-23T03:31:20.533Z"}
 GET /api/voice-coach/sessions/072f60d3-73b6-4b2e-b1af-e6eef4e90197/events?cursor=7320&timeout_ms=1200 200 in 894ms (compile: 5ms, render: 888ms)
[voice-coach.build] {"trace_id":"5540f96f-28a6-4e86-9564-16a42b91fddb","client_build":"bench-1771817468260","server_build":"dev","method":"GET","route":"_api_voice-coach_sessions_072f60d3-73b6-4b2e-b1af-e6eef4e90197_events","executor":"unknown","ts":"2026-02-23T03:31:21.432Z"}
 GET /api/voice-coach/sessions/072f60d3-73b6-4b2e-b1af-e6eef4e90197/events?cursor=7321&timeout_ms=1200 200 in 1462ms (compile: 5ms, render: 1456ms)
[voice-coach.build] {"trace_id":"be6995d4-6579-448e-b19d-4fe724bb31de","client_build":"bench-1771817468260","server_build":"dev","method":"GET","route":"_api_voice-coach_sessions_072f60d3-73b6-4b2e-b1af-e6eef4e90197_events","executor":"unknown","ts":"2026-02-23T03:31:22.905Z"}
 GET /api/voice-coach/sessions/072f60d3-73b6-4b2e-b1af-e6eef4e90197/events?cursor=7322&timeout_ms=1200 200 in 1018ms (compile: 9ms, render: 1008ms)
[voice-coach.build] {"trace_id":"7a2f1590-b3eb-49fd-be9e-b663dc4bb824","client_build":"bench-1771817468260","server_build":"dev","method":"POST","route":"_api_voice-coach_sessions_072f60d3-73b6-4b2e-b1af-e6eef4e90197_beautician-turn_submit","executor":"unknown","ts":"2026-02-23T03:31:25.499Z"}
 POST /api/voice-coach/sessions/072f60d3-73b6-4b2e-b1af-e6eef4e90197/beautician-turn/submit 200 in 4.9s (compile: 7ms, render: 4.9s)
[voice-coach.build] {"trace_id":"fc2c9f9c-3532-4d04-a712-e487a7fa4faf","client_build":"bench-1771817468260","server_build":"dev","method":"GET","route":"_api_voice-coach_sessions_072f60d3-73b6-4b2e-b1af-e6eef4e90197_events","executor":"unknown","ts":"2026-02-23T03:31:30.418Z"}
 GET /api/voice-coach/sessions/072f60d3-73b6-4b2e-b1af-e6eef4e90197/events?cursor=7324&timeout_ms=1200 200 in 2.2s (compile: 6ms, render: 2.2s)
[voice-coach.build] {"trace_id":"eb57729f-6e1c-4694-9e3f-8f452e4e954b","client_build":"bench-1771817468260","server_build":"dev","method":"GET","route":"_api_voice-coach_sessions_072f60d3-73b6-4b2e-b1af-e6eef4e90197_events","executor":"unknown","ts":"2026-02-23T03:31:32.641Z"}
 GET /api/voice-coach/sessions/072f60d3-73b6-4b2e-b1af-e6eef4e90197/events?cursor=7324&timeout_ms=1200 200 in 931ms (compile: 6ms, render: 925ms)
[voice-coach.build] {"trace_id":"e021ae2b-d31d-4f01-a414-2d5c2bdd9544","client_build":"bench-1771817468260","server_build":"dev","method":"GET","route":"_api_voice-coach_sessions_072f60d3-73b6-4b2e-b1af-e6eef4e90197_events","executor":"unknown","ts":"2026-02-23T03:31:33.579Z"}
 GET /api/voice-coach/sessions/072f60d3-73b6-4b2e-b1af-e6eef4e90197/events?cursor=7325&timeout_ms=1200 200 in 917ms (compile: 6ms, render: 911ms)
[voice-coach.build] {"trace_id":"df9a06ce-f28e-41e6-8657-5b54fcd68397","client_build":"bench-1771817468260","server_build":"dev","method":"GET","route":"_api_voice-coach_sessions_072f60d3-73b6-4b2e-b1af-e6eef4e90197_events","executor":"unknown","ts":"2026-02-23T03:31:34.498Z"}
 GET /api/voice-coach/sessions/072f60d3-73b6-4b2e-b1af-e6eef4e90197/events?cursor=7326&timeout_ms=1200 200 in 907ms (compile: 5ms, render: 902ms)
[voice-coach.build] {"trace_id":"56147003-bc45-4324-a4cf-89daf9874269","client_build":"bench-1771817468260","server_build":"dev","method":"POST","route":"_api_voice-coach_sessions_072f60d3-73b6-4b2e-b1af-e6eef4e90197_beautician-turn_submit","executor":"unknown","ts":"2026-02-23T03:31:36.743Z"}
 POST /api/voice-coach/sessions/072f60d3-73b6-4b2e-b1af-e6eef4e90197/beautician-turn/submit 200 in 5.3s (compile: 6ms, render: 5.3s)
[voice-coach.build] {"trace_id":"1f5e74c8-1688-4e04-8984-82639db6894b","client_build":"bench-1771817468260","server_build":"dev","method":"GET","route":"_api_voice-coach_sessions_072f60d3-73b6-4b2e-b1af-e6eef4e90197_events","executor":"unknown","ts":"2026-02-23T03:31:42.098Z"}
 GET /api/voice-coach/sessions/072f60d3-73b6-4b2e-b1af-e6eef4e90197/events?cursor=7328&timeout_ms=1200 200 in 1864ms (compile: 7ms, render: 1857ms)
[voice-coach.build] {"trace_id":"e92206a3-f377-41d6-bda2-aba22f346992","client_build":"bench-1771817468260","server_build":"dev","method":"GET","route":"_api_voice-coach_sessions_072f60d3-73b6-4b2e-b1af-e6eef4e90197_events","executor":"unknown","ts":"2026-02-23T03:31:43.966Z"}
 GET /api/voice-coach/sessions/072f60d3-73b6-4b2e-b1af-e6eef4e90197/events?cursor=7328&timeout_ms=1200 200 in 890ms (compile: 6ms, render: 885ms)
[voice-coach.build] {"trace_id":"fc8cfea8-6ff0-4935-91d5-c4f5488b801a","client_build":"bench-1771817468260","server_build":"dev","method":"GET","route":"_api_voice-coach_sessions_072f60d3-73b6-4b2e-b1af-e6eef4e90197_events","executor":"unknown","ts":"2026-02-23T03:31:44.861Z"}
 GET /api/voice-coach/sessions/072f60d3-73b6-4b2e-b1af-e6eef4e90197/events?cursor=7329&timeout_ms=1200 200 in 908ms (compile: 5ms, render: 903ms)
[voice-coach.build] {"trace_id":"9dc4beed-af6c-44f3-9a94-d4969c3d31fe","client_build":"bench-1771817468260","server_build":"dev","method":"GET","route":"_api_voice-coach_sessions_072f60d3-73b6-4b2e-b1af-e6eef4e90197_events","executor":"unknown","ts":"2026-02-23T03:31:45.774Z"}
 GET /api/voice-coach/sessions/072f60d3-73b6-4b2e-b1af-e6eef4e90197/events?cursor=7330&timeout_ms=1200 200 in 923ms (compile: 7ms, render: 916ms)
[voice-coach.build] {"trace_id":"b45f3ebe-092e-4869-a412-64c373530978","client_build":"bench-1771817506752","server_build":"dev","method":"POST","route":"_api_voice-coach_sessions","executor":"unknown","ts":"2026-02-23T03:31:47.688Z"}
 POST /api/voice-coach/sessions 200 in 1541ms (compile: 3ms, render: 1538ms)
[voice-coach.build] {"trace_id":"02120e90-2e43-4d33-ba88-509b75a4a46e","client_build":"bench-1771817506752","server_build":"dev","method":"POST","route":"_api_voice-coach_sessions_bdfffd04-a5b7-48bf-b42c-ee8817b23076_beautician-turn_submit","executor":"unknown","ts":"2026-02-23T03:31:50.583Z"}
 POST /api/voice-coach/sessions/bdfffd04-a5b7-48bf-b42c-ee8817b23076/beautician-turn/submit 200 in 5.4s (compile: 5ms, render: 5.4s)
[voice-coach.build] {"trace_id":"9aa88b78-cccf-4f65-a678-11dc9fee8adb","client_build":"bench-1771817506752","server_build":"dev","method":"GET","route":"_api_voice-coach_sessions_bdfffd04-a5b7-48bf-b42c-ee8817b23076_events","executor":"unknown","ts":"2026-02-23T03:31:55.973Z"}
 GET /api/voice-coach/sessions/bdfffd04-a5b7-48bf-b42c-ee8817b23076/events?cursor=7332&timeout_ms=1200 200 in 1888ms (compile: 7ms, render: 1881ms)
[voice-coach.build] {"trace_id":"75a80604-aa4c-411e-9217-a2ece2753972","client_build":"bench-1771817506752","server_build":"dev","method":"GET","route":"_api_voice-coach_sessions_bdfffd04-a5b7-48bf-b42c-ee8817b23076_events","executor":"unknown","ts":"2026-02-23T03:31:57.866Z"}
 GET /api/voice-coach/sessions/bdfffd04-a5b7-48bf-b42c-ee8817b23076/events?cursor=7332&timeout_ms=1200 200 in 953ms (compile: 5ms, render: 948ms)
[voice-coach.build] {"trace_id":"fe7935e9-25a0-4660-9f14-ce0e50cd6b1c","client_build":"bench-1771817506752","server_build":"dev","method":"GET","route":"_api_voice-coach_sessions_bdfffd04-a5b7-48bf-b42c-ee8817b23076_events","executor":"unknown","ts":"2026-02-23T03:31:58.827Z"}
 GET /api/voice-coach/sessions/bdfffd04-a5b7-48bf-b42c-ee8817b23076/events?cursor=7333&timeout_ms=1200 200 in 1437ms (compile: 6ms, render: 1430ms)
[voice-coach.build] {"trace_id":"d062be01-3c3a-49b9-8b02-487830efb1a9","client_build":"bench-1771817506752","server_build":"dev","method":"GET","route":"_api_voice-coach_sessions_bdfffd04-a5b7-48bf-b42c-ee8817b23076_events","executor":"unknown","ts":"2026-02-23T03:32:00.269Z"}
 GET /api/voice-coach/sessions/bdfffd04-a5b7-48bf-b42c-ee8817b23076/events?cursor=7334&timeout_ms=1200 200 in 915ms (compile: 5ms, render: 910ms)
[voice-coach.build] {"trace_id":"7d59147d-8510-46ec-8df7-6a7204449cbe","client_build":"bench-1771817506752","server_build":"dev","method":"POST","route":"_api_voice-coach_sessions_bdfffd04-a5b7-48bf-b42c-ee8817b23076_beautician-turn_submit","executor":"unknown","ts":"2026-02-23T03:32:02.763Z"}
 POST /api/voice-coach/sessions/bdfffd04-a5b7-48bf-b42c-ee8817b23076/beautician-turn/submit 200 in 5.9s (compile: 6ms, render: 5.9s)
[voice-coach.build] {"trace_id":"27c2db1e-1780-40c9-a387-8765a9385044","client_build":"bench-1771817506752","server_build":"dev","method":"GET","route":"_api_voice-coach_sessions_bdfffd04-a5b7-48bf-b42c-ee8817b23076_events","executor":"unknown","ts":"2026-02-23T03:32:08.686Z"}
 GET /api/voice-coach/sessions/bdfffd04-a5b7-48bf-b42c-ee8817b23076/events?cursor=7336&timeout_ms=1200 200 in 1871ms (compile: 5ms, render: 1865ms)
[voice-coach.build] {"trace_id":"f7004404-e774-4453-a1ff-563f869b9d99","client_build":"bench-1771817506752","server_build":"dev","method":"GET","route":"_api_voice-coach_sessions_bdfffd04-a5b7-48bf-b42c-ee8817b23076_events","executor":"unknown","ts":"2026-02-23T03:32:10.561Z"}
 GET /api/voice-coach/sessions/bdfffd04-a5b7-48bf-b42c-ee8817b23076/events?cursor=7336&timeout_ms=1200 200 in 969ms (compile: 7ms, render: 962ms)
[voice-coach.build] {"trace_id":"018e3f8f-0506-4e55-b5b4-1a07b72b87cb","client_build":"bench-1771817506752","server_build":"dev","method":"GET","route":"_api_voice-coach_sessions_bdfffd04-a5b7-48bf-b42c-ee8817b23076_events","executor":"unknown","ts":"2026-02-23T03:32:11.534Z"}
 GET /api/voice-coach/sessions/bdfffd04-a5b7-48bf-b42c-ee8817b23076/events?cursor=7337&timeout_ms=1200 200 in 1375ms (compile: 6ms, render: 1369ms)
[voice-coach.build] {"trace_id":"85994cc3-3d43-4c2f-84f1-1b8d5b1f30c0","client_build":"bench-1771817506752","server_build":"dev","method":"GET","route":"_api_voice-coach_sessions_bdfffd04-a5b7-48bf-b42c-ee8817b23076_events","executor":"unknown","ts":"2026-02-23T03:32:12.915Z"}
 GET /api/voice-coach/sessions/bdfffd04-a5b7-48bf-b42c-ee8817b23076/events?cursor=7338&timeout_ms=1200 404 in 417ms (compile: 6ms, render: 412ms)
[voice-coach.build] {"trace_id":"9c58c5d6-9150-4d9f-8e83-a0fc83d634ca","client_build":"bench-1771817506752","server_build":"dev","method":"POST","route":"_api_voice-coach_sessions_bdfffd04-a5b7-48bf-b42c-ee8817b23076_beautician-turn_submit","executor":"unknown","ts":"2026-02-23T03:32:14.722Z"}
 POST /api/voice-coach/sessions/bdfffd04-a5b7-48bf-b42c-ee8817b23076/beautician-turn/submit 200 in 5.2s (compile: 6ms, render: 5.2s)
[voice-coach.build] {"trace_id":"2e2a1e96-e8ae-4bd4-9518-269521ecfd30","client_build":"bench-1771817506752","server_build":"dev","method":"GET","route":"_api_voice-coach_sessions_bdfffd04-a5b7-48bf-b42c-ee8817b23076_events","executor":"unknown","ts":"2026-02-23T03:32:19.957Z"}
 GET /api/voice-coach/sessions/bdfffd04-a5b7-48bf-b42c-ee8817b23076/events?cursor=7340&timeout_ms=1200 200 in 1873ms (compile: 8ms, render: 1865ms)
[voice-coach.build] {"trace_id":"47fbb4de-3b17-413e-b7e0-f54d86a9738d","client_build":"bench-1771817506752","server_build":"dev","method":"GET","route":"_api_voice-coach_sessions_bdfffd04-a5b7-48bf-b42c-ee8817b23076_events","executor":"unknown","ts":"2026-02-23T03:32:21.834Z"}
 GET /api/voice-coach/sessions/bdfffd04-a5b7-48bf-b42c-ee8817b23076/events?cursor=7340&timeout_ms=1200 200 in 914ms (compile: 6ms, render: 908ms)
[voice-coach.build] {"trace_id":"e2ad087d-8c6b-47c1-b187-2e6acdc16162","client_build":"bench-1771817506752","server_build":"dev","method":"GET","route":"_api_voice-coach_sessions_bdfffd04-a5b7-48bf-b42c-ee8817b23076_events","executor":"unknown","ts":"2026-02-23T03:32:22.752Z"}
 GET /api/voice-coach/sessions/bdfffd04-a5b7-48bf-b42c-ee8817b23076/events?cursor=7341&timeout_ms=1200 200 in 927ms (compile: 5ms, render: 922ms)
[voice-coach.build] {"trace_id":"7deab795-0433-4b90-9a93-1b370cac68e6","client_build":"bench-1771817506752","server_build":"dev","method":"GET","route":"_api_voice-coach_sessions_bdfffd04-a5b7-48bf-b42c-ee8817b23076_events","executor":"unknown","ts":"2026-02-23T03:32:23.686Z"}
 GET /api/voice-coach/sessions/bdfffd04-a5b7-48bf-b42c-ee8817b23076/events?cursor=7342&timeout_ms=1200 200 in 906ms (compile: 7ms, render: 899ms)
[voice-coach.build] {"trace_id":"a9df7b70-1482-4cad-a846-ee5ef647d3f0","client_build":"bench-1771817544647","server_build":"dev","method":"POST","route":"_api_voice-coach_sessions","executor":"unknown","ts":"2026-02-23T03:32:25.592Z"}
 POST /api/voice-coach/sessions 200 in 1565ms (compile: 5ms, render: 1560ms)
[voice-coach.build] {"trace_id":"3a50df2e-a68c-4ee8-b1f1-877bdda41a50","client_build":"bench-1771817544647","server_build":"dev","method":"POST","route":"_api_voice-coach_sessions_65a2580b-653f-4891-bc56-9f09bfa0ebed_beautician-turn_submit","executor":"unknown","ts":"2026-02-23T03:32:28.595Z"}
 POST /api/voice-coach/sessions/65a2580b-653f-4891-bc56-9f09bfa0ebed/beautician-turn/submit 200 in 5.4s (compile: 7ms, render: 5.4s)
[voice-coach.build] {"trace_id":"b3245c70-79f4-49a6-ae44-e2cd3694c155","client_build":"bench-1771817544647","server_build":"dev","method":"GET","route":"_api_voice-coach_sessions_65a2580b-653f-4891-bc56-9f09bfa0ebed_events","executor":"unknown","ts":"2026-02-23T03:32:34.038Z"}
 GET /api/voice-coach/sessions/65a2580b-653f-4891-bc56-9f09bfa0ebed/events?cursor=7344&timeout_ms=1200 200 in 1964ms (compile: 6ms, render: 1958ms)
[voice-coach.build] {"trace_id":"e5f2e7e5-55c6-40a0-9b06-e4a3d4b7c577","client_build":"bench-1771817544647","server_build":"dev","method":"GET","route":"_api_voice-coach_sessions_65a2580b-653f-4891-bc56-9f09bfa0ebed_events","executor":"unknown","ts":"2026-02-23T03:32:36.007Z"}
 GET /api/voice-coach/sessions/65a2580b-653f-4891-bc56-9f09bfa0ebed/events?cursor=7344&timeout_ms=1200 200 in 1411ms (compile: 5ms, render: 1406ms)
[voice-coach.build] {"trace_id":"8ca96bf3-4831-47a2-8dcb-6974a174c72d","client_build":"bench-1771817544647","server_build":"dev","method":"GET","route":"_api_voice-coach_sessions_65a2580b-653f-4891-bc56-9f09bfa0ebed_events","executor":"unknown","ts":"2026-02-23T03:32:37.424Z"}
 GET /api/voice-coach/sessions/65a2580b-653f-4891-bc56-9f09bfa0ebed/events?cursor=7345&timeout_ms=1200 200 in 915ms (compile: 5ms, render: 910ms)
[voice-coach.build] {"trace_id":"b4f22db4-589d-4f1c-8535-d0d4f7ce6ee5","client_build":"bench-1771817544647","server_build":"dev","method":"GET","route":"_api_voice-coach_sessions_65a2580b-653f-4891-bc56-9f09bfa0ebed_events","executor":"unknown","ts":"2026-02-23T03:32:38.346Z"}
 GET /api/voice-coach/sessions/65a2580b-653f-4891-bc56-9f09bfa0ebed/events?cursor=7346&timeout_ms=1200 200 in 936ms (compile: 5ms, render: 930ms)
[voice-coach.build] {"trace_id":"a3d7fcdd-8c15-48da-9b22-db8cd06a379c","client_build":"bench-1771817544647","server_build":"dev","method":"POST","route":"_api_voice-coach_sessions_65a2580b-653f-4891-bc56-9f09bfa0ebed_beautician-turn_submit","executor":"unknown","ts":"2026-02-23T03:32:40.739Z"}
 POST /api/voice-coach/sessions/65a2580b-653f-4891-bc56-9f09bfa0ebed/beautician-turn/submit 200 in 5.2s (compile: 7ms, render: 5.2s)
[voice-coach.build] {"trace_id":"cd6ed283-efac-44ab-8fec-e187cb1f2800","client_build":"bench-1771817544647","server_build":"dev","method":"GET","route":"_api_voice-coach_sessions_65a2580b-653f-4891-bc56-9f09bfa0ebed_events","executor":"unknown","ts":"2026-02-23T03:32:45.907Z"}
 GET /api/voice-coach/sessions/65a2580b-653f-4891-bc56-9f09bfa0ebed/events?cursor=7348&timeout_ms=1200 200 in 1910ms (compile: 5ms, render: 1905ms)
[voice-coach.build] {"trace_id":"8dd926c7-3801-4311-bd9c-01abd6bfa0c5","client_build":"bench-1771817544647","server_build":"dev","method":"GET","route":"_api_voice-coach_sessions_65a2580b-653f-4891-bc56-9f09bfa0ebed_events","executor":"unknown","ts":"2026-02-23T03:32:47.823Z"}
 GET /api/voice-coach/sessions/65a2580b-653f-4891-bc56-9f09bfa0ebed/events?cursor=7348&timeout_ms=1200 200 in 913ms (compile: 5ms, render: 908ms)
[voice-coach.build] {"trace_id":"1f09980b-adfb-4997-b5d7-3451a017a5c3","client_build":"bench-1771817544647","server_build":"dev","method":"GET","route":"_api_voice-coach_sessions_65a2580b-653f-4891-bc56-9f09bfa0ebed_events","executor":"unknown","ts":"2026-02-23T03:32:48.741Z"}
 GET /api/voice-coach/sessions/65a2580b-653f-4891-bc56-9f09bfa0ebed/events?cursor=7349&timeout_ms=1200 200 in 977ms (compile: 6ms, render: 972ms)
[voice-coach.build] {"trace_id":"614b738d-f28d-46c9-b961-109ba5a838d8","client_build":"bench-1771817544647","server_build":"dev","method":"GET","route":"_api_voice-coach_sessions_65a2580b-653f-4891-bc56-9f09bfa0ebed_events","executor":"unknown","ts":"2026-02-23T03:32:49.726Z"}
 GET /api/voice-coach/sessions/65a2580b-653f-4891-bc56-9f09bfa0ebed/events?cursor=7350&timeout_ms=1200 200 in 1029ms (compile: 9ms, render: 1020ms)
[voice-coach.build] {"trace_id":"e5388239-ee4f-4687-aa9b-b9bf6389e2ef","client_build":"bench-1771817544647","server_build":"dev","method":"POST","route":"_api_voice-coach_sessions_65a2580b-653f-4891-bc56-9f09bfa0ebed_beautician-turn_submit","executor":"unknown","ts":"2026-02-23T03:32:52.242Z"}
 POST /api/voice-coach/sessions/65a2580b-653f-4891-bc56-9f09bfa0ebed/beautician-turn/submit 200 in 5.3s (compile: 6ms, render: 5.3s)
[voice-coach.build] {"trace_id":"2d3f0505-09ec-44aa-b9d5-674b9493255d","client_build":"bench-1771817544647","server_build":"dev","method":"GET","route":"_api_voice-coach_sessions_65a2580b-653f-4891-bc56-9f09bfa0ebed_events","executor":"unknown","ts":"2026-02-23T03:32:57.564Z"}
 GET /api/voice-coach/sessions/65a2580b-653f-4891-bc56-9f09bfa0ebed/events?cursor=7352&timeout_ms=1200 200 in 1879ms (compile: 7ms, render: 1872ms)
[voice-coach.build] {"trace_id":"b61b5ec8-1d5a-477e-9c99-5cee2061f4fc","client_build":"bench-1771817544647","server_build":"dev","method":"GET","route":"_api_voice-coach_sessions_65a2580b-653f-4891-bc56-9f09bfa0ebed_events","executor":"unknown","ts":"2026-02-23T03:32:59.447Z"}
 GET /api/voice-coach/sessions/65a2580b-653f-4891-bc56-9f09bfa0ebed/events?cursor=7352&timeout_ms=1200 200 in 929ms (compile: 5ms, render: 923ms)
[voice-coach.build] {"trace_id":"4ffb8c2f-616f-406b-9cde-eb73fcf2f5e9","client_build":"bench-1771817544647","server_build":"dev","method":"GET","route":"_api_voice-coach_sessions_65a2580b-653f-4891-bc56-9f09bfa0ebed_events","executor":"unknown","ts":"2026-02-23T03:33:00.380Z"}
 GET /api/voice-coach/sessions/65a2580b-653f-4891-bc56-9f09bfa0ebed/events?cursor=7353&timeout_ms=1200 200 in 1439ms (compile: 5ms, render: 1433ms)
[voice-coach.build] {"trace_id":"f7fdbca1-bb85-4775-8286-0cf32b97cbe0","client_build":"bench-1771817544647","server_build":"dev","method":"GET","route":"_api_voice-coach_sessions_65a2580b-653f-4891-bc56-9f09bfa0ebed_events","executor":"unknown","ts":"2026-02-23T03:33:01.824Z"}
 GET /api/voice-coach/sessions/65a2580b-653f-4891-bc56-9f09bfa0ebed/events?cursor=7354&timeout_ms=1200 200 in 908ms (compile: 6ms, render: 902ms)
